2025-03-14 11:36:22,495 - INFO - Mothership starting...
2025-03-14 11:36:22,497 - INFO - Config loaded successfully
2025-03-14 11:36:22,497 - INFO - Starting tibber_fetcher.py
2025-03-14 11:37:29,433 - INFO - Mothership starting...
2025-03-14 11:37:29,434 - INFO - Config loaded successfully
2025-03-14 11:37:29,434 - INFO - Starting tibber_fetcher.py
2025-03-14 11:54:19,570 - INFO - Mothership starting...
2025-03-14 11:54:19,571 - INFO - Config loaded successfully
2025-03-14 11:54:19,571 - INFO - Assuming price fetchers and fuser are running independently
2025-03-14 11:54:19,575 - INFO - Price data loaded: [('2025-03-14T00:00', 28), ('2025-03-14T01:00', 23), ('2025-03-14T02:00', 23), ('2025-03-14T03:00', 19), ('2025-03-14T04:00', 21)]...
2025-03-14 11:54:19,575 - INFO - Current hour price: 15%
2025-03-14 11:54:19,575 - INFO - Monitoring julianalaan_39/heating
2025-03-14 11:54:19,575 - INFO - julianalaan_39/heating decision: ES6
2025-03-14 11:54:19,575 - INFO - Monitoring julianalaan_39/dhw
2025-03-14 11:54:19,575 - INFO - julianalaan_39/dhw decision: ON
2025-03-14 11:54:19,575 - INFO - Cycle complete, sleeping 5s
2025-03-14 11:56:52,309 - INFO - Mothership starting...
2025-03-14 11:56:52,309 - INFO - Config loaded successfully
2025-03-14 11:56:52,310 - INFO - Assuming price fetchers and fuser are running independently
2025-03-14 11:56:52,314 - INFO - Price data loaded: [('2025-03-14T00:00', 28), ('2025-03-14T01:00', 23), ('2025-03-14T02:00', 23), ('2025-03-14T03:00', 19), ('2025-03-14T04:00', 21)]...
2025-03-14 11:56:52,314 - INFO - Current hour price: 15%
2025-03-14 11:56:52,314 - ERROR - Cycle failed: 'NoneType' object has no attribute 'get'—retrying in 60s
2025-03-14 11:57:52,359 - INFO - Price data loaded: [('2025-03-14T00:00', 28), ('2025-03-14T01:00', 23), ('2025-03-14T02:00', 23), ('2025-03-14T03:00', 19), ('2025-03-14T04:00', 21)]...
2025-03-14 11:57:52,359 - INFO - Current hour price: 15%
2025-03-14 11:57:52,360 - ERROR - Cycle failed: 'NoneType' object has no attribute 'get'—retrying in 60s
2025-03-14 11:58:52,401 - INFO - Price data loaded: [('2025-03-14T00:00', 28), ('2025-03-14T01:00', 23), ('2025-03-14T02:00', 23), ('2025-03-14T03:00', 19), ('2025-03-14T04:00', 21)]...
2025-03-14 11:58:52,401 - INFO - Current hour price: 15%
2025-03-14 11:58:52,401 - ERROR - Cycle failed: 'NoneType' object has no attribute 'get'—retrying in 60s
2025-03-14 11:59:52,457 - INFO - Price data loaded: [('2025-03-14T00:00', 28), ('2025-03-14T01:00', 23), ('2025-03-14T02:00', 23), ('2025-03-14T03:00', 19), ('2025-03-14T04:00', 21)]...
2025-03-14 11:59:52,457 - INFO - Current hour price: 15%
2025-03-14 11:59:52,457 - ERROR - Cycle failed: 'NoneType' object has no attribute 'get'—retrying in 60s
2025-03-14 12:00:52,522 - INFO - Price data loaded: [('2025-03-14T00:00', 28), ('2025-03-14T01:00', 23), ('2025-03-14T02:00', 23), ('2025-03-14T03:00', 19), ('2025-03-14T04:00', 21)]...
2025-03-14 12:00:52,522 - INFO - Current hour price: 12%
2025-03-14 12:00:52,522 - ERROR - Cycle failed: 'NoneType' object has no attribute 'get'—retrying in 60s
2025-03-14 12:01:52,582 - INFO - Price data loaded: [('2025-03-14T00:00', 28), ('2025-03-14T01:00', 23), ('2025-03-14T02:00', 23), ('2025-03-14T03:00', 19), ('2025-03-14T04:00', 21)]...
2025-03-14 12:01:52,582 - INFO - Current hour price: 12%
2025-03-14 12:01:52,582 - ERROR - Cycle failed: 'NoneType' object has no attribute 'get'—retrying in 60s
2025-03-14 12:02:52,587 - INFO - Price data loaded: [('2025-03-14T00:00', 28), ('2025-03-14T01:00', 23), ('2025-03-14T02:00', 23), ('2025-03-14T03:00', 19), ('2025-03-14T04:00', 21)]...
2025-03-14 12:02:52,587 - INFO - Current hour price: 12%
2025-03-14 12:02:52,587 - ERROR - Cycle failed: 'NoneType' object has no attribute 'get'—retrying in 60s
2025-03-14 12:03:52,628 - INFO - Price data loaded: [('2025-03-14T00:00', 28), ('2025-03-14T01:00', 23), ('2025-03-14T02:00', 23), ('2025-03-14T03:00', 19), ('2025-03-14T04:00', 21)]...
2025-03-14 12:03:52,629 - INFO - Current hour price: 12%
2025-03-14 12:03:52,629 - ERROR - Cycle failed: 'NoneType' object has no attribute 'get'—retrying in 60s
2025-03-14 12:04:52,658 - INFO - Price data loaded: [('2025-03-14T00:00', 28), ('2025-03-14T01:00', 23), ('2025-03-14T02:00', 23), ('2025-03-14T03:00', 19), ('2025-03-14T04:00', 21)]...
2025-03-14 12:04:52,659 - INFO - Current hour price: 12%
2025-03-14 12:04:52,659 - ERROR - Cycle failed: 'NoneType' object has no attribute 'get'—retrying in 60s
