2025-03-12 08:33:34 Starting ENTSO-E price fetcher
2025-03-12 08:33:34 No prices parsed from response
2025-03-12 08:33:34 Initial ENTSO-E fetch failed, using cached or default data
2025-03-12 08:33:34 Waiting until 2025-03-12 13:00:00+01:00 for price check (4.4 hours)
2025-03-12 08:33:44 ENTSO-E fetcher stopped
2025-03-12 08:40:19 Starting ENTSO-E price fetcher
2025-03-12 08:40:19 No prices parsed from response
2025-03-12 08:40:19 Initial ENTSO-E fetch failed, using cached or default data
2025-03-12 08:40:19 Waiting until 2025-03-12 13:00:00+01:00 for price check (4.3 hours)
2025-03-12 08:40:32 ENTSO-E fetcher stopped
2025-03-12 08:48:20 Starting ENTSO-E price fetcher
2025-03-12 08:48:20 No prices parsed from response
2025-03-12 08:48:20 Initial ENTSO-E fetch failed, using cached or default data
2025-03-12 08:48:20 Waiting until 2025-03-12 13:00:00+01:00 for price check (4.2 hours)
2025-03-12 08:48:41 ENTSO-E fetcher stopped
2025-03-12 08:53:04 Starting ENTSO-E price fetcher
2025-03-12 08:53:04 ENTSO-E prices fetched: 24 today, 0 tomorrow, current: 0.05 at 2025-03-12T08:00:00.000+01:00
2025-03-12 08:53:04 ENTSO-E cache updated: 24h
2025-03-12 08:53:04 Waiting until 2025-03-12 13:00:00+01:00 for price check (4.1 hours)
2025-03-12 08:53:42 ENTSO-E fetcher stopped
2025-03-12 09:16:57 Starting ENTSO-E price fetcher
2025-03-12 09:16:58 ENTSO-E prices fetched: 24 today, 0 tomorrow
2025-03-12 09:16:58 ENTSO-E cache updated: 24h
2025-03-12 09:16:58 Waiting until 2025-03-12 13:00:00+01:00 (3.7 hours)
2025-03-12 09:17:46 ENTSO-E fetcher stopped
2025-03-12 09:19:25 Starting ENTSO-E price fetcher
2025-03-12 09:19:25 ENTSO-E prices fetched: 24 today, 0 tomorrow
2025-03-12 09:19:25 ENTSO-E cache updated: 24h
2025-03-12 09:19:25 Waiting until 2025-03-12 13:00:00+01:00 (3.7 hours)
2025-03-12 09:19:26 ENTSO-E fetcher stopped
2025-03-12 09:19:46 Starting ENTSO-E price fetcher
2025-03-12 09:19:46 ENTSO-E prices fetched: 24 today, 0 tomorrow
2025-03-12 09:19:46 ENTSO-E cache updated: 24h
2025-03-12 09:19:46 Waiting until 2025-03-12 13:00:00+01:00 (3.7 hours)
2025-03-12 09:31:29 Starting ENTSO-E price fetcher
2025-03-12 09:31:29 ENTSO-E prices fetched: 24 today, 0 tomorrow
2025-03-12 09:31:29 ENTSO-E cache updated: 24h
2025-03-12 09:31:29 Waiting until 2025-03-12 13:00:00+01:00 (3.5 hours)
2025-03-12 09:36:02 Starting ENTSO-E price fetcher
2025-03-12 09:36:02 ENTSO-E prices fetched: 24 today, 0 tomorrow
2025-03-12 09:36:02 ENTSO-E cache updated: 24h
2025-03-12 09:36:02 Waiting until 2025-03-12 13:00:00+01:00 (3.4 hours)
2025-03-12 09:39:23 Starting ENTSO-E price fetcher
2025-03-12 09:39:24 ENTSO-E prices fetched: 24 today, 0 tomorrow
2025-03-12 09:39:24 ENTSO-E cache updated: 24h
2025-03-12 09:39:24 Waiting until 2025-03-12 13:00:00+01:00 (3.3 hours)
2025-03-12 09:45:31 Starting ENTSO-E price fetcher
2025-03-12 09:45:31 ENTSO-E prices fetched: 24 today, 0 tomorrow
2025-03-12 09:45:31 ENTSO-E cache updated: 24h
2025-03-12 09:45:31 Waiting until 2025-03-12 13:00:00+01:00 (3.2 hours)
2025-03-12T10:58:57 - Starting ENTSO-E price fetcher
2025-03-12T10:58:57 - Fetched 24 hours at 2025-03-12T10:58:57.658168+01:00
2025-03-12T10:58:57 - Waiting until Wed, 12 Mar 2025 13:00 CET (2.0 hours)
2025-03-12T13:00:02 - Fetched 24 hours at 2025-03-12T13:00:02.241415+01:00
2025-03-12T13:05:03 - Fetched 24 hours at 2025-03-12T13:05:03.250745+01:00
2025-03-12T13:10:10 - Fetched 47 hours at 2025-03-12T13:10:10.260648+01:00
2025-03-12T13:10:10 - Tomorrow's prices received
2025-03-12T13:10:10 - Waiting until Thu, 13 Mar 2025 13:00 CET (23.8 hours)
2025-03-13T19:15:32 - Starting ENTSO-E price fetcher
2025-03-13T19:15:32 - Fetched 47 hours at 2025-03-13T19:15:32.444190+01:00
2025-03-13T19:15:32 - Waiting until Fri, 14 Mar 2025 13:00 CET (17.7 hours)
2025-03-13T19:17:19 - Starting ENTSO-E price fetcher
2025-03-13T19:17:20 - Fetched 47 hours at 2025-03-13T19:17:20.251437+01:00
2025-03-13T19:17:20 - Waiting until Fri, 14 Mar 2025 13:00 CET (17.7 hours)
2025-03-13T19:21:18 - Starting ENTSO-E price fetcher
2025-03-13T19:21:18 - Fetched 47 hours at 2025-03-13T19:21:18.918899+01:00
2025-03-13T19:21:18 - Waiting until Fri, 14 Mar 2025 13:00 CET (17.6 hours)
2025-03-13 21:05:15,224 - ENTSO-E fetcher started
2025-03-13 21:05:15,225 - Waiting 15.9h ’til 2025-03-14 13:00:00+01:00
2025-03-13 21:10:53,873 - ENTSO-E fetcher started
2025-03-13 21:10:54,123 - Fetched 47 hours
2025-03-13 21:10:54,124 - Cache updated: 47 hours
2025-03-13 21:10:54,124 - Test fetch done
2025-03-13 21:10:54,633 - ENTSO-E fetcher started
2025-03-13 21:10:54,874 - Fetched 47 hours
2025-03-13 21:10:54,880 - Cache updated: 47 hours
2025-03-13 21:10:54,880 - Test fetch done
2025-03-13 21:10:55,245 - ENTSO-E fetcher started
2025-03-13 21:10:55,467 - Fetched 47 hours
2025-03-13 21:10:55,472 - Cache updated: 47 hours
2025-03-13 21:10:55,472 - Test fetch done
2025-03-13 21:10:56,025 - ENTSO-E fetcher started
2025-03-13 21:10:56,269 - Fetched 47 hours
2025-03-13 21:10:56,270 - Cache updated: 47 hours
2025-03-13 21:10:56,270 - Test fetch done
2025-03-13 21:10:56,598 - ENTSO-E fetcher started
2025-03-13 21:10:56,818 - Fetched 47 hours
2025-03-13 21:10:56,819 - Cache updated: 47 hours
2025-03-13 21:10:56,819 - Test fetch done
2025-03-13 21:19:03,579 - ENTSO-E fetcher started
2025-03-13 21:19:03,880 - Fetched 47 hours
2025-03-13 21:19:03,881 - Cache updated: 47 hours
2025-03-13 21:19:03,881 - Waiting 15.7h ’til 2025-03-14 13:00:00+01:00
2025-03-13 21:26:43,454 - ENTSO-E fetcher started
2025-03-13 21:26:43,636 - Fetched 47 hours
2025-03-13 21:26:43,637 - Cache updated: 47 hours
2025-03-13 21:26:43,637 - Waiting 15.6h ’til 2025-03-14 13:00:00+01:00
2025-03-13 21:28:14,523 - ENTSO-E fetcher started
2025-03-13 21:28:14,753 - Fetched 47 hours
2025-03-13 21:28:14,755 - Cache updated: 47 hours
2025-03-13 21:28:14,755 - Waiting 15.5h ’til 2025-03-14 13:00:00+01:00
2025-03-13 21:29:22,150 - ENTSO-E fetcher started
2025-03-13 21:29:22,369 - Fetched 47 hours
2025-03-13 21:29:22,370 - Cache updated: 47 hours
2025-03-13 21:29:22,370 - Waiting 15.5h ’til 2025-03-14 13:00:00+01:00
2025-03-14 11:49:08,103 - ENTSO-E fetcher started
2025-03-14 11:49:08,368 - Fetched 24 hours
2025-03-14 11:49:08,370 - Cache updated: 24 hours
2025-03-14 11:49:08,370 - Waiting 1.2h ’til 2025-03-14 13:00:00+01:00
2025-03-14 13:00:02,690 - Fetched 24 hours
2025-03-14 13:00:02,706 - Cache updated: 24 hours
2025-03-14 13:00:02,708 - Tomorrow’s prices fetched
2025-03-14 13:00:02,708 - Waiting 24.0h ’til 2025-03-15 13:00:00+01:00
2025-03-14 13:00:02,922 - Fetched 24 hours
2025-03-14 13:00:02,924 - Cache updated: 24 hours
2025-03-14 13:00:02,924 - Retrying in 5m
2025-03-14 13:05:03,645 - Fetched 24 hours
2025-03-14 13:05:03,647 - Cache updated: 24 hours
2025-03-14 13:05:03,647 - Retrying in 5m
2025-03-14 13:10:06,963 - Fetched 48 hours
2025-03-14 13:10:06,965 - Cache updated: 48 hours
2025-03-14 13:10:06,965 - Tomorrow’s prices fetched
2025-03-14 13:10:06,966 - Waiting 23.8h ’til 2025-03-15 13:00:00+01:00
2025-03-14 20:44:02,589 - ENTSO-E fetcher started
2025-03-14 20:44:02,821 - Fetched 48 hours
2025-03-14 20:44:02,824 - Cache updated: 48 hours
2025-03-14 20:44:02,824 - Waiting 16.3h ’til 2025-03-15 13:00:00+01:00
2025-03-14 21:15:13,558 - ENTSO-E fetcher started
2025-03-14 21:15:13,952 - Fetched 48 hours
2025-03-14 21:15:13,953 - Cache updated: 48 hours
2025-03-14 21:15:13,953 - Waiting 15.7h ’til 2025-03-15 13:00:00+01:00
2025-03-14 21:15:20,547 - ENTSO-E fetcher started
2025-03-14 21:15:20,880 - Fetched 48 hours
2025-03-14 21:15:20,880 - Cache updated: 48 hours
2025-03-14 21:15:20,881 - Waiting 15.7h ’til 2025-03-15 13:00:00+01:00
2025-03-14 21:16:12,801 - ENTSO-E fetcher started
2025-03-14 21:16:13,186 - Fetched 48 hours
2025-03-14 21:16:13,186 - Cache updated: 48 hours
2025-03-14 21:16:13,186 - Waiting 15.7h ’til 2025-03-15 13:00:00+01:00
2025-03-14 21:16:21,327 - ENTSO-E fetcher started
2025-03-14 21:16:21,680 - Fetched 48 hours
2025-03-14 21:16:21,681 - Cache updated: 48 hours
2025-03-14 21:16:21,681 - Waiting 15.7h ’til 2025-03-15 13:00:00+01:00
2025-03-14 21:18:16,022 - ENTSO-E fetcher started
2025-03-14 21:18:16,382 - Fetched 48 hours
2025-03-14 21:18:16,384 - Cache updated: 48 hours
2025-03-14 21:18:16,385 - Waiting 15.7h ’til 2025-03-15 13:00:00+01:00
2025-03-14 21:23:52,764 - ENTSO-E fetcher started
2025-03-14 21:23:53,020 - Fetched 48 hours
2025-03-14 21:23:53,020 - Cache updated: 48 hours
2025-03-14 21:23:53,020 - Waiting 15.6h ’til 2025-03-15 13:00:00+01:00
2025-03-14 21:38:08,930 - ENTSO-E fetcher started
2025-03-14 21:38:09,477 - Fetched 48 hours
2025-03-14 21:38:09,478 - Cache updated: 48 hours
2025-03-14 21:38:09,478 - Waiting 15.4h ’til 2025-03-15 13:00:00+01:00
2025-03-14 21:39:44,554 - ENTSO-E fetcher started
2025-03-14 21:39:44,831 - Fetched 48 hours
2025-03-14 21:39:44,832 - Cache updated: 48 hours
2025-03-14 21:39:44,832 - Waiting 15.3h ’til 2025-03-15 13:00:00+01:00
2025-03-14 21:40:15,845 - ENTSO-E fetcher started
2025-03-14 21:40:16,158 - Fetched 48 hours
2025-03-14 21:40:16,158 - Cache updated: 48 hours
2025-03-14 21:40:16,159 - Waiting 15.3h ’til 2025-03-15 13:00:00+01:00
2025-03-14 21:41:44,323 - ENTSO-E fetcher started
2025-03-14 21:41:44,594 - Fetched 48 hours
2025-03-14 21:41:44,595 - Cache updated: 48 hours
2025-03-14 21:41:44,595 - Waiting 15.3h ’til 2025-03-15 13:00:00+01:00
2025-03-14 21:43:39,059 - ENTSO-E fetcher started
2025-03-14 21:43:39,303 - Fetched 48 hours
2025-03-14 21:43:39,304 - Cache updated: 48 hours
2025-03-14 21:43:39,304 - Waiting 15.3h ’til 2025-03-15 13:00:00+01:00
2025-03-14 21:43:47,060 - ENTSO-E fetcher started
2025-03-14 21:43:47,331 - Fetched 48 hours
2025-03-14 21:43:47,332 - Cache updated: 48 hours
2025-03-14 21:43:47,332 - Waiting 15.3h ’til 2025-03-15 13:00:00+01:00
2025-03-15 13:00:02,699 - Fetched 24 hours
2025-03-15 13:00:02,707 - Cache updated: 24 hours
2025-03-15 13:00:02,707 - Tomorrow’s prices fetched
2025-03-15 13:00:02,707 - Waiting 24.0h ’til 2025-03-16 13:00:00+01:00
2025-03-15 13:00:05,992 - Fetched 24 hours
2025-03-15 13:00:06,002 - Cache updated: 24 hours
2025-03-15 13:00:06,002 - Tomorrow’s prices fetched
2025-03-15 13:00:06,002 - Waiting 24.0h ’til 2025-03-16 13:00:00+01:00
2025-03-15 16:23:02,386 - ENTSO-E fetcher started
2025-03-15 16:23:02,811 - ENTSO-E fetcher started
2025-03-15 16:23:02,822 - Fetched 48 hours
2025-03-15 16:23:02,824 - Cache updated: 48 hours
2025-03-15 16:23:02,824 - Waiting 20.6h ’til 2025-03-16 13:00:00+01:00
2025-03-15 16:23:03,066 - Fetched 48 hours
2025-03-15 16:23:03,067 - Cache updated: 48 hours
2025-03-15 16:23:03,067 - Waiting 20.6h ’til 2025-03-16 13:00:00+01:00
2025-03-15 16:56:00,343 - Grok’s divine fetcher begins
2025-03-15 16:56:00,344 - Waiting 20.1h ’til 2025-03-16 13:00:00.344865+01:00
2025-03-15 16:58:25,742 - Entropy calls—shutting down
2025-03-15 16:58:26,300 - Grok’s divine fetcher begins
2025-03-15 16:58:26,300 - Waiting 20.0h ’til 2025-03-16 13:00:00.300489+01:00
2025-03-15 16:58:54,760 - Grok’s divine fetcher begins
2025-03-15 16:58:54,761 - Waiting 20.0h ’til 2025-03-16 13:00:00.761053+01:00
2025-03-15 16:59:55,937 - Entropy calls—shutting down
2025-03-15 16:59:55,939 - Entropy calls—shutting down
2025-03-15 17:10:42,229 - Grok’s divine fetcher begins
2025-03-15 17:10:42,492 - Fetched 48 hours
2025-03-15 17:10:42,493 - Saved 48 hours
2025-03-15 17:10:42,493 - Waiting 19.8h ’til 2025-03-16 13:00:00.493590+01:00
2025-03-16 08:21:12,303 - Entropy calls—shutting down
2025-03-16 11:45:22,119 - ENTSO-E fetcher initialized
2025-03-16 11:45:22,121 - Waiting 1.2h til 2025-03-16 13:00:00.121414+01:00
2025-03-16 11:58:40,094 - ENTSO-E fetcher initialized
2025-03-16 11:58:40,096 - Waiting 1.0h til 2025-03-16 13:00:00.096012+01:00
2025-03-16 12:17:14,944 - ENTSO-E fetcher initialized
2025-03-16 12:17:15,180 - Fetched 24 hours
2025-03-16 12:17:15,181 - Saved 24 hours
2025-03-16 12:17:15,181 - Waiting 0.7h til 2025-03-16 13:00:00.181440+01:00
2025-03-16 12:21:22,518 - ENTSO-E fetcher initialized
2025-03-16 12:21:22,786 - Fetched 24 hours
2025-03-16 12:21:22,787 - Saved 24 hours
2025-03-16 12:21:22,788 - Waiting 0.6h til 2025-03-16 13:00:00.788010+01:00
2025-03-16 12:24:32,903 - ENTSO-E fetcher initialized
2025-03-16 12:24:33,177 - Fetched 24 hours
2025-03-16 12:24:33,178 - Saved 24 hours
2025-03-16 12:24:33,178 - Waiting 0.6h til 2025-03-16 13:00:00.178768+01:00
2025-03-16 12:32:37,976 - ENTSO-E fetcher initialized
2025-03-16 12:32:38,252 - Fetched 24 hours
2025-03-16 12:32:38,253 - Saved 24 hours
2025-03-16 12:32:38,254 - Waiting 0.5h til 2025-03-16 13:00:00.253960+01:00
2025-03-16 12:33:25,040 - ENTSO-E fetcher initialized
2025-03-16 12:33:25,300 - Fetched 24 hours
2025-03-16 12:33:25,300 - Saved 24 hours
2025-03-16 12:33:25,300 - Waiting 0.4h til 2025-03-16 13:00:00.300528+01:00
2025-03-16 12:41:23,468 - ENTSO-E fetcher initialized
2025-03-16 12:41:23,719 - Fetched 24 hours
2025-03-16 12:41:23,720 - Saved 24 hours
2025-03-16 12:41:23,720 - Waiting 0.3h til 2025-03-16 13:00:00.720431+01:00
2025-03-16 12:49:46,640 - ENTSO-E fetcher initialized
2025-03-16 12:49:46,923 - Fetched 24 hours
2025-03-16 12:49:46,924 - Saved 24 hours
2025-03-16 12:49:46,924 - Waiting 0.2h til 2025-03-16 13:00:00.924795+01:00
2025-03-16 12:52:47,820 - ENTSO-E fetcher initialized
2025-03-16 12:52:48,142 - Fetched 24 hours
2025-03-16 12:52:48,144 - Saved 24 hours
2025-03-16 12:52:48,144 - Waiting 0.1h til 2025-03-16 13:00:00.144312+01:00
2025-03-16 12:54:59,748 - ENTSO-E fetcher initialized
2025-03-16 12:55:00,031 - Fetched 24 hours
2025-03-16 12:55:00,032 - Saved 24 hours
2025-03-16 12:55:00,032 - Waiting 0.1h til 2025-03-16 13:00:00.032724+01:00
2025-03-16 12:57:22,817 - ENTSO-E fetcher initialized
2025-03-16 12:57:23,172 - Fetched 24 hours
2025-03-16 12:57:23,173 - Saved 24 hours
2025-03-16 12:57:23,173 - Waiting 0.0h til 2025-03-16 13:00:00.173843+01:00
2025-03-16 13:00:04,826 - Fetched 24 hours
2025-03-16 13:00:04,827 - Incomplete data—retrying in 5m
2025-03-16 13:00:05,288 - Fetched 24 hours
2025-03-16 13:00:05,289 - Incomplete data—retrying in 5m
2025-03-16 13:00:06,077 - Fetched 24 hours
2025-03-16 13:00:06,079 - Incomplete data—retrying in 5m
2025-03-16 13:00:06,234 - Fetched 24 hours
2025-03-16 13:00:06,235 - Saved 24 hours
2025-03-16 13:00:06,235 - Incomplete data—retrying in 5m
2025-03-16 13:00:07,812 - Fetched 24 hours
2025-03-16 13:00:07,815 - Saved 24 hours
2025-03-16 13:00:07,815 - Incomplete data—retrying in 5m
2025-03-16 13:00:08,515 - Fetched 24 hours
2025-03-16 13:00:08,518 - Saved 24 hours
2025-03-16 13:00:08,519 - Incomplete data—retrying in 5m
2025-03-16 13:00:08,605 - Fetched 24 hours
2025-03-16 13:00:08,606 - Saved 24 hours
2025-03-16 13:00:08,606 - Incomplete data—retrying in 5m
2025-03-16 13:00:10,547 - Fetched 24 hours
2025-03-16 13:00:10,552 - Incomplete data—retrying in 5m
2025-03-16 13:00:11,223 - Fetched 24 hours
2025-03-16 13:00:11,225 - Incomplete data—retrying in 5m
2025-03-16 13:00:11,723 - Fetched 24 hours
2025-03-16 13:00:11,725 - Incomplete data—retrying in 5m
2025-03-16 13:00:12,929 - Fetched 24 hours
2025-03-16 13:00:12,930 - Incomplete data—retrying in 5m
2025-03-16 13:00:14,587 - Fetched 24 hours
2025-03-16 13:00:14,591 - Incomplete data—retrying in 5m
2025-03-16 13:05:11,742 - Fetched 24 hours
2025-03-16 13:05:11,743 - Incomplete data—retrying in 5m
2025-03-16 13:05:11,829 - Fetched 24 hours
2025-03-16 13:05:11,830 - Saved 24 hours
2025-03-16 13:05:11,830 - Incomplete data—retrying in 5m
2025-03-16 13:05:12,472 - Fetched 24 hours
2025-03-16 13:05:12,473 - Saved 24 hours
2025-03-16 13:05:12,474 - Incomplete data—retrying in 5m
2025-03-16 13:05:12,590 - Fetched 24 hours
2025-03-16 13:05:12,592 - Saved 24 hours
2025-03-16 13:05:12,592 - Incomplete data—retrying in 5m
2025-03-16 13:05:12,609 - Fetched 24 hours
2025-03-16 13:05:12,609 - Incomplete data—retrying in 5m
2025-03-16 13:05:12,675 - Fetched 24 hours
2025-03-16 13:05:12,676 - Incomplete data—retrying in 5m
2025-03-16 13:05:13,157 - Fetched 24 hours
2025-03-16 13:05:13,157 - Incomplete data—retrying in 5m
2025-03-16 13:05:13,293 - Fetched 24 hours
2025-03-16 13:05:13,294 - Saved 24 hours
2025-03-16 13:05:13,295 - Incomplete data—retrying in 5m
2025-03-16 13:05:15,022 - Fetched 24 hours
2025-03-16 13:05:15,022 - Incomplete data—retrying in 5m
2025-03-16 13:05:15,426 - Fetched 24 hours
2025-03-16 13:05:15,426 - Incomplete data—retrying in 5m
2025-03-16 13:05:16,964 - Fetched 24 hours
2025-03-16 13:05:16,965 - Incomplete data—retrying in 5m
2025-03-16 13:05:24,912 - Fetched 24 hours
2025-03-16 13:05:24,913 - Incomplete data—retrying in 5m
2025-03-16 13:10:12,333 - Fetched 24 hours
2025-03-16 13:10:12,334 - Incomplete data—retrying in 5m
2025-03-16 13:10:12,468 - Fetched 24 hours
2025-03-16 13:10:12,469 - Saved 24 hours
2025-03-16 13:10:12,470 - Incomplete data—retrying in 5m
2025-03-16 13:10:13,080 - Fetched 24 hours
2025-03-16 13:10:13,080 - Incomplete data—retrying in 5m
2025-03-16 13:10:13,498 - Fetched 24 hours
2025-03-16 13:10:13,498 - Incomplete data—retrying in 5m
2025-03-16 13:10:13,692 - Fetched 24 hours
2025-03-16 13:10:13,692 - Saved 24 hours
2025-03-16 13:10:13,693 - Incomplete data—retrying in 5m
2025-03-16 13:10:15,426 - Fetched 24 hours
2025-03-16 13:10:15,427 - Saved 24 hours
2025-03-16 13:10:15,428 - Incomplete data—retrying in 5m
2025-03-16 13:10:15,837 - Fetched 24 hours
2025-03-16 13:10:15,837 - Incomplete data—retrying in 5m
2025-03-16 13:10:18,416 - Fetched 24 hours
2025-03-16 13:10:18,417 - Saved 24 hours
2025-03-16 13:10:18,417 - Incomplete data—retrying in 5m
2025-03-16 13:10:18,425 - Fetched 24 hours
2025-03-16 13:10:18,425 - Incomplete data—retrying in 5m
2025-03-16 13:10:18,592 - Fetched 24 hours
2025-03-16 13:10:18,592 - Incomplete data—retrying in 5m
2025-03-16 13:10:19,673 - Fetched 24 hours
2025-03-16 13:10:19,674 - Incomplete data—retrying in 5m
2025-03-16 13:10:28,879 - Fetched 24 hours
2025-03-16 13:10:28,879 - Incomplete data—retrying in 5m
2025-03-16 13:15:12,786 - Fetched 47 hours
2025-03-16 13:15:12,787 - Saved 47 hours
2025-03-16 13:15:12,931 - Fetched 47 hours
2025-03-16 13:15:12,932 - Saved 47 hours
2025-03-16 13:15:13,658 - Fetched 47 hours
2025-03-16 13:15:13,660 - Saved 47 hours
2025-03-16 13:15:13,982 - Fetched 47 hours
2025-03-16 13:15:13,985 - Saved 47 hours
2025-03-16 13:15:14,166 - Fetched 47 hours
2025-03-16 13:15:14,167 - Saved 47 hours
2025-03-16 13:15:15,782 - Fetched 47 hours
2025-03-16 13:15:15,782 - Saved 47 hours
2025-03-16 13:15:16,217 - Fetched 47 hours
2025-03-16 13:15:16,218 - Saved 47 hours
2025-03-16 13:15:18,778 - Fetched 47 hours
2025-03-16 13:15:18,779 - Saved 47 hours
2025-03-16 13:15:18,792 - Fetched 47 hours
2025-03-16 13:15:18,793 - Saved 47 hours
2025-03-16 13:15:18,939 - Fetched 47 hours
2025-03-16 13:15:18,943 - Saved 47 hours
2025-03-16 13:15:19,994 - Fetched 47 hours
2025-03-16 13:15:19,998 - Saved 47 hours
2025-03-16 13:15:29,286 - Fetched 47 hours
2025-03-16 13:15:29,291 - Saved 47 hours
2025-03-16 13:18:28,053 - ENTSO-E fetcher initialized
2025-03-16 13:18:28,312 - Fetched 47 hours
2025-03-16 13:18:28,313 - Saved 47 hours
2025-03-16 13:18:28,313 - Waiting 23.7h til 2025-03-17 13:00:00.313225+01:00
2025-03-16 13:20:27,640 - ENTSO-E fetcher initialized
2025-03-16 13:20:27,892 - Fetched 47 hours
2025-03-16 13:20:27,893 - Saved 47 hours
2025-03-16 13:20:27,893 - Waiting 23.7h til 2025-03-17 13:00:00.893521+01:00
2025-03-16 13:26:52,815 - ENTSO-E fetcher initialized
2025-03-16 13:26:53,096 - Fetched 47 hours
2025-03-16 13:26:53,097 - Saved 47 hours
2025-03-16 13:26:53,098 - Waiting 23.6h til 2025-03-17 13:00:00.098202+01:00
