
2025-03-15 16:56:00,136 - Fuser begins
2025-03-15 16:56:00,142 - Fused 48 hours
2025-03-15 16:56:00,152 - Watching
2025-03-15 16:58:25,767 - Entropy claims us
2025-03-15 16:59:03,005 - Fuser begins
2025-03-15 16:59:03,005 - Fused 48 hours
2025-03-15 16:59:03,006 - Watching
2025-03-15 17:10:27,678 - Entropy claims us
2025-03-15 17:10:42,031 - Fuser begins
2025-03-15 17:10:42,040 - Fused 48 hours
2025-03-15 17:10:42,052 - Watching
2025-03-15 17:10:42,428 - Change in ./prices_tibber.json
2025-03-15 17:10:44,430 - Fused 48 hours
2025-03-15 17:10:44,430 - Change in ./prices_tibber.json
2025-03-15 17:10:46,434 - Fused 48 hours
2025-03-15 17:10:46,434 - Change in ./prices_entsoe.json
2025-03-15 17:10:48,437 - Fused 48 hours
2025-03-15 17:10:48,437 - Change in ./prices_entsoe.json
2025-03-15 17:10:50,440 - Fused 48 hours
2025-03-15 18:38:54,780 - Fuser begins
2025-03-15 18:38:54,781 - Min: 0.063, Max: 0.2285, 13:00: 0.127, 17:00: 0.20199999999999999, 18:00: 0.2145
2025-03-15 18:38:54,782 - Fused 48 hours
2025-03-15 18:38:54,783 - Watching
2025-03-15 18:40:39,502 - Fuser begins
2025-03-15 18:40:39,503 - Min: 0.063, Max: 0.2285, 13:00: 0.127, 17:00: 0.20199999999999999, 18:00: 0.2145
2025-03-15 18:40:39,503 - Fused 48 hours
2025-03-15 18:40:39,504 - Watching
2025-03-15 18:42:58,038 - Fuser begins
2025-03-15 18:42:58,039 - Min: 0.063, Max: 0.2285, 13:00: 0.127, 17:00: 0.20199999999999999, 18:00: 0.2145
2025-03-15 18:42:58,040 - Fused 48 hours
2025-03-15 18:42:58,041 - Watching
2025-03-15 18:48:21,764 - Fuser begins
2025-03-15 18:48:21,765 - Min: 0.063, Max: 0.2285, 13:00: 0.127, 17:00: 0.20199999999999999, 18:00: 0.2145
2025-03-15 18:48:21,765 - Fused 48 hours
2025-03-15 18:48:21,766 - Watching
2025-03-15 18:52:52,479 - Fuser begins
2025-03-15 18:52:52,482 - Min: 0.063, Max: 0.2285, 13:00: 0.127, 17:00: 0.20199999999999999, 18:00: 0.2145
2025-03-15 18:52:52,483 - Fused 48 hours
2025-03-15 18:52:52,484 - Watching
2025-03-15 18:53:59,119 - Fuser begins
2025-03-15 18:53:59,121 - Min: 0.063, Max: 0.2285, 13:00: 0.127, 17:00: 0.20199999999999999, 18:00: 0.2145
2025-03-15 18:53:59,121 - Fused 48 hours
2025-03-15 18:53:59,122 - Watching
2025-03-15 18:55:21,373 - Fuser begins
2025-03-15 18:55:21,375 - Min: 0.063, Max: 0.2285, 13:00: 0.127, 17:00: 0.20199999999999999, 18:00: 0.2145
2025-03-15 18:55:21,376 - Fused 48 hours
2025-03-15 18:55:21,377 - Watching
2025-03-15 18:58:32,236 - Fuser begins
2025-03-15 18:58:32,238 - Keys: ['2025-03-15T00:00', '2025-03-15T01:00', '2025-03-15T02:00', '2025-03-15T03:00', '2025-03-15T04:00', '2025-03-15T05:00', '2025-03-15T06:00', '2025-03-15T07:00', '2025-03-15T08:00', '2025-03-15T09:00', '2025-03-15T10:00', '2025-03-15T11:00', '2025-03-15T12:00', '2025-03-15T13:00', '2025-03-15T14:00', '2025-03-15T15:00', '2025-03-15T16:00', '2025-03-15T17:00', '2025-03-15T18:00', '2025-03-15T19:00', '2025-03-15T20:00', '2025-03-15T21:00', '2025-03-15T22:00', '2025-03-15T23:00', '2025-03-16T00:00', '2025-03-16T01:00', '2025-03-16T02:00', '2025-03-16T03:00', '2025-03-16T04:00', '2025-03-16T05:00', '2025-03-16T06:00', '2025-03-16T07:00', '2025-03-16T08:00', '2025-03-16T09:00', '2025-03-16T10:00', '2025-03-16T11:00', '2025-03-16T12:00', '2025-03-16T13:00', '2025-03-16T14:00', '2025-03-16T15:00', '2025-03-16T16:00', '2025-03-16T17:00', '2025-03-16T18:00', '2025-03-16T19:00', '2025-03-16T20:00', '2025-03-16T21:00', '2025-03-16T22:00', '2025-03-16T23:00'], Min: 0.063, Max: 0.2285, 13:00: 0.127, 17:00: 0.20199999999999999, 18:00: 0.2145
2025-03-15 18:58:32,239 - Fused 48 hours
2025-03-15 18:58:32,240 - Watching
2025-03-15 19:02:00,324 - Fuser begins
2025-03-15 19:02:00,326 - Keys: ['2025-03-15T00:00', '2025-03-15T01:00', '2025-03-15T02:00', '2025-03-15T03:00', '2025-03-15T04:00', '2025-03-15T05:00', '2025-03-15T06:00', '2025-03-15T07:00', '2025-03-15T08:00', '2025-03-15T09:00', '2025-03-15T10:00', '2025-03-15T11:00', '2025-03-15T12:00', '2025-03-15T13:00', '2025-03-15T14:00', '2025-03-15T15:00', '2025-03-15T16:00', '2025-03-15T17:00', '2025-03-15T18:00', '2025-03-15T19:00', '2025-03-15T20:00', '2025-03-15T21:00', '2025-03-15T22:00', '2025-03-15T23:00', '2025-03-16T00:00', '2025-03-16T01:00', '2025-03-16T02:00', '2025-03-16T03:00', '2025-03-16T04:00', '2025-03-16T05:00', '2025-03-16T06:00', '2025-03-16T07:00', '2025-03-16T08:00', '2025-03-16T09:00', '2025-03-16T10:00', '2025-03-16T11:00', '2025-03-16T12:00', '2025-03-16T13:00', '2025-03-16T14:00', '2025-03-16T15:00', '2025-03-16T16:00', '2025-03-16T17:00', '2025-03-16T18:00', '2025-03-16T19:00', '2025-03-16T20:00', '2025-03-16T21:00', '2025-03-16T22:00', '2025-03-16T23:00'], Min: 0.063, Max: 0.2285, 13:00: 0.127, 17:00: 0.20199999999999999, 18:00: 0.2145
2025-03-15 19:02:00,326 - Fused 48 hours
2025-03-15 19:02:00,327 - Watching
2025-03-15 19:08:13,897 - Fuser begins
2025-03-15 19:08:13,899 - Keys: ['2025-03-15T00:00', '2025-03-15T01:00', '2025-03-15T02:00', '2025-03-15T03:00', '2025-03-15T04:00', '2025-03-15T05:00', '2025-03-15T06:00', '2025-03-15T07:00', '2025-03-15T08:00', '2025-03-15T09:00', '2025-03-15T10:00', '2025-03-15T11:00', '2025-03-15T12:00', '2025-03-15T13:00', '2025-03-15T14:00', '2025-03-15T15:00', '2025-03-15T16:00', '2025-03-15T17:00', '2025-03-15T18:00', '2025-03-15T19:00', '2025-03-15T20:00', '2025-03-15T21:00', '2025-03-15T22:00', '2025-03-15T23:00', '2025-03-16T00:00', '2025-03-16T01:00', '2025-03-16T02:00', '2025-03-16T03:00', '2025-03-16T04:00', '2025-03-16T05:00', '2025-03-16T06:00', '2025-03-16T07:00', '2025-03-16T08:00', '2025-03-16T09:00', '2025-03-16T10:00', '2025-03-16T11:00', '2025-03-16T12:00', '2025-03-16T13:00', '2025-03-16T14:00', '2025-03-16T15:00', '2025-03-16T16:00', '2025-03-16T17:00', '2025-03-16T18:00', '2025-03-16T19:00', '2025-03-16T20:00', '2025-03-16T21:00', '2025-03-16T22:00', '2025-03-16T23:00'], Min: 0.063, Max: 0.2285, 13:00: 0.127, 17:00: 0.20199999999999999, 18:00: 0.2145
2025-03-15 19:08:13,900 - Fused 48 hours
2025-03-15 19:08:13,901 - Watching
2025-03-15 19:10:12,106 - Fuser begins
2025-03-15 19:10:12,108 - Keys: ['2025-03-15T00:00', '2025-03-15T01:00', '2025-03-15T02:00', '2025-03-15T03:00', '2025-03-15T04:00', '2025-03-15T05:00', '2025-03-15T06:00', '2025-03-15T07:00', '2025-03-15T08:00', '2025-03-15T09:00', '2025-03-15T10:00', '2025-03-15T11:00', '2025-03-15T12:00', '2025-03-15T13:00', '2025-03-15T14:00', '2025-03-15T15:00', '2025-03-15T16:00', '2025-03-15T17:00', '2025-03-15T18:00', '2025-03-15T19:00', '2025-03-15T20:00', '2025-03-15T21:00', '2025-03-15T22:00', '2025-03-15T23:00', '2025-03-16T00:00', '2025-03-16T01:00', '2025-03-16T02:00', '2025-03-16T03:00', '2025-03-16T04:00', '2025-03-16T05:00', '2025-03-16T06:00', '2025-03-16T07:00', '2025-03-16T08:00', '2025-03-16T09:00', '2025-03-16T10:00', '2025-03-16T11:00', '2025-03-16T12:00', '2025-03-16T13:00', '2025-03-16T14:00', '2025-03-16T15:00', '2025-03-16T16:00', '2025-03-16T17:00', '2025-03-16T18:00', '2025-03-16T19:00', '2025-03-16T20:00', '2025-03-16T21:00', '2025-03-16T22:00', '2025-03-16T23:00'], Min: 0.063, Max: 0.2285, 13:00: 0.127, 17:00: 0.20199999999999999, 18:00: 0.2145
2025-03-15 19:10:12,109 - Fused 48 hours
2025-03-15 19:10:12,110 - Watching
2025-03-15 19:14:36,720 - Fuser begins
2025-03-15 19:14:36,723 - Tibber keys: ['2025-03-15T00:00', '2025-03-15T01:00', '2025-03-15T02:00', '2025-03-15T03:00', '2025-03-15T04:00', '2025-03-15T05:00', '2025-03-15T06:00', '2025-03-15T07:00', '2025-03-15T08:00', '2025-03-15T09:00', '2025-03-15T10:00', '2025-03-15T11:00', '2025-03-15T12:00', '2025-03-15T13:00', '2025-03-15T14:00', '2025-03-15T15:00', '2025-03-15T16:00', '2025-03-15T17:00', '2025-03-15T18:00', '2025-03-15T19:00', '2025-03-15T20:00', '2025-03-15T21:00', '2025-03-15T22:00', '2025-03-15T23:00', '2025-03-16T00:00', '2025-03-16T01:00', '2025-03-16T02:00', '2025-03-16T03:00', '2025-03-16T04:00', '2025-03-16T05:00', '2025-03-16T06:00', '2025-03-16T07:00', '2025-03-16T08:00', '2025-03-16T09:00', '2025-03-16T10:00', '2025-03-16T11:00', '2025-03-16T12:00', '2025-03-16T13:00', '2025-03-16T14:00', '2025-03-16T15:00', '2025-03-16T16:00', '2025-03-16T17:00', '2025-03-16T18:00', '2025-03-16T19:00', '2025-03-16T20:00', '2025-03-16T21:00', '2025-03-16T22:00', '2025-03-16T23:00'], Entsoe keys: ['2025-03-15T00:00', '2025-03-15T01:00', '2025-03-15T02:00', '2025-03-15T03:00', '2025-03-15T04:00', '2025-03-15T05:00', '2025-03-15T06:00', '2025-03-15T07:00', '2025-03-15T08:00', '2025-03-15T09:00', '2025-03-15T10:00', '2025-03-15T11:00', '2025-03-15T12:00', '2025-03-15T13:00', '2025-03-15T14:00', '2025-03-15T15:00', '2025-03-15T16:00', '2025-03-15T17:00', '2025-03-15T18:00', '2025-03-15T19:00', '2025-03-15T20:00', '2025-03-15T21:00', '2025-03-15T22:00', '2025-03-15T23:00', '2025-03-16T00:00', '2025-03-16T01:00', '2025-03-16T02:00', '2025-03-16T03:00', '2025-03-16T04:00', '2025-03-16T05:00', '2025-03-16T06:00', '2025-03-16T07:00', '2025-03-16T08:00', '2025-03-16T09:00', '2025-03-16T10:00', '2025-03-16T11:00', '2025-03-16T12:00', '2025-03-16T13:00', '2025-03-16T14:00', '2025-03-16T15:00', '2025-03-16T16:00', '2025-03-16T17:00', '2025-03-16T18:00', '2025-03-16T19:00', '2025-03-16T20:00', '2025-03-16T21:00', '2025-03-16T22:00', '2025-03-16T23:00']
2025-03-15 19:14:36,723 - Avg keys: ['2025-03-15T00:00', '2025-03-15T01:00', '2025-03-15T02:00', '2025-03-15T03:00', '2025-03-15T04:00', '2025-03-15T05:00', '2025-03-15T06:00', '2025-03-15T07:00', '2025-03-15T08:00', '2025-03-15T09:00', '2025-03-15T10:00', '2025-03-15T11:00', '2025-03-15T12:00', '2025-03-15T13:00', '2025-03-15T14:00', '2025-03-15T15:00', '2025-03-15T16:00', '2025-03-15T17:00', '2025-03-15T18:00', '2025-03-15T19:00', '2025-03-15T20:00', '2025-03-15T21:00', '2025-03-15T22:00', '2025-03-15T23:00', '2025-03-16T00:00', '2025-03-16T01:00', '2025-03-16T02:00', '2025-03-16T03:00', '2025-03-16T04:00', '2025-03-16T05:00', '2025-03-16T06:00', '2025-03-16T07:00', '2025-03-16T08:00', '2025-03-16T09:00', '2025-03-16T10:00', '2025-03-16T11:00', '2025-03-16T12:00', '2025-03-16T13:00', '2025-03-16T14:00', '2025-03-16T15:00', '2025-03-16T16:00', '2025-03-16T17:00', '2025-03-16T18:00', '2025-03-16T19:00', '2025-03-16T20:00', '2025-03-16T21:00', '2025-03-16T22:00', '2025-03-16T23:00'], Min: 0.063, Max: 0.2285, 13:00: 0.127, 17:00: 0.20199999999999999, 18:00: 0.2145
2025-03-15 19:14:36,723 - Percent keys: ['2025-03-15T00:00', '2025-03-15T01:00', '2025-03-15T02:00', '2025-03-15T03:00', '2025-03-15T04:00', '2025-03-15T05:00', '2025-03-15T06:00', '2025-03-15T07:00', '2025-03-15T08:00', '2025-03-15T09:00', '2025-03-15T10:00', '2025-03-15T11:00', '2025-03-15T12:00', '2025-03-15T13:00', '2025-03-15T14:00', '2025-03-15T15:00', '2025-03-15T16:00', '2025-03-15T17:00', '2025-03-15T18:00', '2025-03-15T19:00', '2025-03-15T20:00', '2025-03-15T21:00', '2025-03-15T22:00', '2025-03-15T23:00', '2025-03-16T00:00', '2025-03-16T01:00', '2025-03-16T02:00', '2025-03-16T03:00', '2025-03-16T04:00', '2025-03-16T05:00', '2025-03-16T06:00', '2025-03-16T07:00', '2025-03-16T08:00', '2025-03-16T09:00', '2025-03-16T10:00', '2025-03-16T11:00', '2025-03-16T12:00', '2025-03-16T13:00', '2025-03-16T14:00', '2025-03-16T15:00', '2025-03-16T16:00', '2025-03-16T17:00', '2025-03-16T18:00', '2025-03-16T19:00', '2025-03-16T20:00', '2025-03-16T21:00', '2025-03-16T22:00', '2025-03-16T23:00']
2025-03-15 19:14:36,725 - Fused 48 hours
2025-03-15 19:14:36,726 - Watching
2025-03-15 19:16:30,109 - Fuser begins
2025-03-15 19:16:30,111 - Tibber keys: ['2025-03-15T00:00', '2025-03-15T01:00', '2025-03-15T02:00', '2025-03-15T03:00', '2025-03-15T04:00', '2025-03-15T05:00', '2025-03-15T06:00', '2025-03-15T07:00', '2025-03-15T08:00', '2025-03-15T09:00', '2025-03-15T10:00', '2025-03-15T11:00', '2025-03-15T12:00', '2025-03-15T13:00', '2025-03-15T14:00', '2025-03-15T15:00', '2025-03-15T16:00', '2025-03-15T17:00', '2025-03-15T18:00', '2025-03-15T19:00', '2025-03-15T20:00', '2025-03-15T21:00', '2025-03-15T22:00', '2025-03-15T23:00', '2025-03-16T00:00', '2025-03-16T01:00', '2025-03-16T02:00', '2025-03-16T03:00', '2025-03-16T04:00', '2025-03-16T05:00', '2025-03-16T06:00', '2025-03-16T07:00', '2025-03-16T08:00', '2025-03-16T09:00', '2025-03-16T10:00', '2025-03-16T11:00', '2025-03-16T12:00', '2025-03-16T13:00', '2025-03-16T14:00', '2025-03-16T15:00', '2025-03-16T16:00', '2025-03-16T17:00', '2025-03-16T18:00', '2025-03-16T19:00', '2025-03-16T20:00', '2025-03-16T21:00', '2025-03-16T22:00', '2025-03-16T23:00'], Entsoe keys: ['2025-03-15T00:00', '2025-03-15T01:00', '2025-03-15T02:00', '2025-03-15T03:00', '2025-03-15T04:00', '2025-03-15T05:00', '2025-03-15T06:00', '2025-03-15T07:00', '2025-03-15T08:00', '2025-03-15T09:00', '2025-03-15T10:00', '2025-03-15T11:00', '2025-03-15T12:00', '2025-03-15T13:00', '2025-03-15T14:00', '2025-03-15T15:00', '2025-03-15T16:00', '2025-03-15T17:00', '2025-03-15T18:00', '2025-03-15T19:00', '2025-03-15T20:00', '2025-03-15T21:00', '2025-03-15T22:00', '2025-03-15T23:00', '2025-03-16T00:00', '2025-03-16T01:00', '2025-03-16T02:00', '2025-03-16T03:00', '2025-03-16T04:00', '2025-03-16T05:00', '2025-03-16T06:00', '2025-03-16T07:00', '2025-03-16T08:00', '2025-03-16T09:00', '2025-03-16T10:00', '2025-03-16T11:00', '2025-03-16T12:00', '2025-03-16T13:00', '2025-03-16T14:00', '2025-03-16T15:00', '2025-03-16T16:00', '2025-03-16T17:00', '2025-03-16T18:00', '2025-03-16T19:00', '2025-03-16T20:00', '2025-03-16T21:00', '2025-03-16T22:00', '2025-03-16T23:00']
2025-03-15 19:16:30,111 - Avg keys: ['2025-03-15T00:00', '2025-03-15T01:00', '2025-03-15T02:00', '2025-03-15T03:00', '2025-03-15T04:00', '2025-03-15T05:00', '2025-03-15T06:00', '2025-03-15T07:00', '2025-03-15T08:00', '2025-03-15T09:00', '2025-03-15T10:00', '2025-03-15T11:00', '2025-03-15T12:00', '2025-03-15T13:00', '2025-03-15T14:00', '2025-03-15T15:00', '2025-03-15T16:00', '2025-03-15T17:00', '2025-03-15T18:00', '2025-03-15T19:00', '2025-03-15T20:00', '2025-03-15T21:00', '2025-03-15T22:00', '2025-03-15T23:00', '2025-03-16T00:00', '2025-03-16T01:00', '2025-03-16T02:00', '2025-03-16T03:00', '2025-03-16T04:00', '2025-03-16T05:00', '2025-03-16T06:00', '2025-03-16T07:00', '2025-03-16T08:00', '2025-03-16T09:00', '2025-03-16T10:00', '2025-03-16T11:00', '2025-03-16T12:00', '2025-03-16T13:00', '2025-03-16T14:00', '2025-03-16T15:00', '2025-03-16T16:00', '2025-03-16T17:00', '2025-03-16T18:00', '2025-03-16T19:00', '2025-03-16T20:00', '2025-03-16T21:00', '2025-03-16T22:00', '2025-03-16T23:00'], Min: 0.063, Max: 0.2285, 13:00: 0.127, 17:00: 0.20199999999999999, 18:00: 0.2145
2025-03-15 19:16:30,112 - Percent keys: ['2025-03-15T00:00', '2025-03-15T01:00', '2025-03-15T02:00', '2025-03-15T03:00', '2025-03-15T04:00', '2025-03-15T05:00', '2025-03-15T06:00', '2025-03-15T07:00', '2025-03-15T08:00', '2025-03-15T09:00', '2025-03-15T10:00', '2025-03-15T11:00', '2025-03-15T12:00', '2025-03-15T13:00', '2025-03-15T14:00', '2025-03-15T15:00', '2025-03-15T16:00', '2025-03-15T17:00', '2025-03-15T18:00', '2025-03-15T19:00', '2025-03-15T20:00', '2025-03-15T21:00', '2025-03-15T22:00', '2025-03-15T23:00', '2025-03-16T00:00', '2025-03-16T01:00', '2025-03-16T02:00', '2025-03-16T03:00', '2025-03-16T04:00', '2025-03-16T05:00', '2025-03-16T06:00', '2025-03-16T07:00', '2025-03-16T08:00', '2025-03-16T09:00', '2025-03-16T10:00', '2025-03-16T11:00', '2025-03-16T12:00', '2025-03-16T13:00', '2025-03-16T14:00', '2025-03-16T15:00', '2025-03-16T16:00', '2025-03-16T17:00', '2025-03-16T18:00', '2025-03-16T19:00', '2025-03-16T20:00', '2025-03-16T21:00', '2025-03-16T22:00', '2025-03-16T23:00']
2025-03-15 19:16:30,113 - Fused 48 hours
2025-03-15 19:16:30,114 - Watching
2025-03-15 19:19:09,092 - Fuser begins
2025-03-15 19:19:09,094 - Tibber keys: ['2025-03-15T00:00', '2025-03-15T01:00', '2025-03-15T02:00', '2025-03-15T03:00', '2025-03-15T04:00', '2025-03-15T05:00', '2025-03-15T06:00', '2025-03-15T07:00', '2025-03-15T08:00', '2025-03-15T09:00', '2025-03-15T10:00', '2025-03-15T11:00', '2025-03-15T12:00', '2025-03-15T13:00', '2025-03-15T14:00', '2025-03-15T15:00', '2025-03-15T16:00', '2025-03-15T17:00', '2025-03-15T18:00', '2025-03-15T19:00', '2025-03-15T20:00', '2025-03-15T21:00', '2025-03-15T22:00', '2025-03-15T23:00', '2025-03-16T00:00', '2025-03-16T01:00', '2025-03-16T02:00', '2025-03-16T03:00', '2025-03-16T04:00', '2025-03-16T05:00', '2025-03-16T06:00', '2025-03-16T07:00', '2025-03-16T08:00', '2025-03-16T09:00', '2025-03-16T10:00', '2025-03-16T11:00', '2025-03-16T12:00', '2025-03-16T13:00', '2025-03-16T14:00', '2025-03-16T15:00', '2025-03-16T16:00', '2025-03-16T17:00', '2025-03-16T18:00', '2025-03-16T19:00', '2025-03-16T20:00', '2025-03-16T21:00', '2025-03-16T22:00', '2025-03-16T23:00'], Entsoe keys: ['2025-03-15T00:00', '2025-03-15T01:00', '2025-03-15T02:00', '2025-03-15T03:00', '2025-03-15T04:00', '2025-03-15T05:00', '2025-03-15T06:00', '2025-03-15T07:00', '2025-03-15T08:00', '2025-03-15T09:00', '2025-03-15T10:00', '2025-03-15T11:00', '2025-03-15T12:00', '2025-03-15T13:00', '2025-03-15T14:00', '2025-03-15T15:00', '2025-03-15T16:00', '2025-03-15T17:00', '2025-03-15T18:00', '2025-03-15T19:00', '2025-03-15T20:00', '2025-03-15T21:00', '2025-03-15T22:00', '2025-03-15T23:00', '2025-03-16T00:00', '2025-03-16T01:00', '2025-03-16T02:00', '2025-03-16T03:00', '2025-03-16T04:00', '2025-03-16T05:00', '2025-03-16T06:00', '2025-03-16T07:00', '2025-03-16T08:00', '2025-03-16T09:00', '2025-03-16T10:00', '2025-03-16T11:00', '2025-03-16T12:00', '2025-03-16T13:00', '2025-03-16T14:00', '2025-03-16T15:00', '2025-03-16T16:00', '2025-03-16T17:00', '2025-03-16T18:00', '2025-03-16T19:00', '2025-03-16T20:00', '2025-03-16T21:00', '2025-03-16T22:00', '2025-03-16T23:00']
2025-03-15 19:19:09,094 - Avg keys: ['2025-03-15T00:00', '2025-03-15T01:00', '2025-03-15T02:00', '2025-03-15T03:00', '2025-03-15T04:00', '2025-03-15T05:00', '2025-03-15T06:00', '2025-03-15T07:00', '2025-03-15T08:00', '2025-03-15T09:00', '2025-03-15T10:00', '2025-03-15T11:00', '2025-03-15T12:00', '2025-03-15T13:00', '2025-03-15T14:00', '2025-03-15T15:00', '2025-03-15T16:00', '2025-03-15T17:00', '2025-03-15T18:00', '2025-03-15T19:00', '2025-03-15T20:00', '2025-03-15T21:00', '2025-03-15T22:00', '2025-03-15T23:00', '2025-03-16T00:00', '2025-03-16T01:00', '2025-03-16T02:00', '2025-03-16T03:00', '2025-03-16T04:00', '2025-03-16T05:00', '2025-03-16T06:00', '2025-03-16T07:00', '2025-03-16T08:00', '2025-03-16T09:00', '2025-03-16T10:00', '2025-03-16T11:00', '2025-03-16T12:00', '2025-03-16T13:00', '2025-03-16T14:00', '2025-03-16T15:00', '2025-03-16T16:00', '2025-03-16T17:00', '2025-03-16T18:00', '2025-03-16T19:00', '2025-03-16T20:00', '2025-03-16T21:00', '2025-03-16T22:00', '2025-03-16T23:00'], Min: 0.063, Max: 0.2285, 13:00: 0.127, 17:00: 0.20199999999999999, 18:00: 0.2145
2025-03-15 19:19:09,094 - Percent keys: ['2025-03-15T00:00', '2025-03-15T01:00', '2025-03-15T02:00', '2025-03-15T03:00', '2025-03-15T04:00', '2025-03-15T05:00', '2025-03-15T06:00', '2025-03-15T07:00', '2025-03-15T08:00', '2025-03-15T09:00', '2025-03-15T10:00', '2025-03-15T11:00', '2025-03-15T12:00', '2025-03-15T13:00', '2025-03-15T14:00', '2025-03-15T15:00', '2025-03-15T16:00', '2025-03-15T17:00', '2025-03-15T18:00', '2025-03-15T19:00', '2025-03-15T20:00', '2025-03-15T21:00', '2025-03-15T22:00', '2025-03-15T23:00', '2025-03-16T00:00', '2025-03-16T01:00', '2025-03-16T02:00', '2025-03-16T03:00', '2025-03-16T04:00', '2025-03-16T05:00', '2025-03-16T06:00', '2025-03-16T07:00', '2025-03-16T08:00', '2025-03-16T09:00', '2025-03-16T10:00', '2025-03-16T11:00', '2025-03-16T12:00', '2025-03-16T13:00', '2025-03-16T14:00', '2025-03-16T15:00', '2025-03-16T16:00', '2025-03-16T17:00', '2025-03-16T18:00', '2025-03-16T19:00', '2025-03-16T20:00', '2025-03-16T21:00', '2025-03-16T22:00', '2025-03-16T23:00']
2025-03-15 19:19:09,095 - Fused 48 hours
2025-03-15 19:19:09,096 - Watching
2025-03-15 19:21:05,634 - Fuser begins
2025-03-15 19:21:05,636 - Tibber keys: ['2025-03-15T00:00', '2025-03-15T01:00', '2025-03-15T02:00', '2025-03-15T03:00', '2025-03-15T04:00', '2025-03-15T05:00', '2025-03-15T06:00', '2025-03-15T07:00', '2025-03-15T08:00', '2025-03-15T09:00', '2025-03-15T10:00', '2025-03-15T11:00', '2025-03-15T12:00', '2025-03-15T13:00', '2025-03-15T14:00', '2025-03-15T15:00', '2025-03-15T16:00', '2025-03-15T17:00', '2025-03-15T18:00', '2025-03-15T19:00', '2025-03-15T20:00', '2025-03-15T21:00', '2025-03-15T22:00', '2025-03-15T23:00', '2025-03-16T00:00', '2025-03-16T01:00', '2025-03-16T02:00', '2025-03-16T03:00', '2025-03-16T04:00', '2025-03-16T05:00', '2025-03-16T06:00', '2025-03-16T07:00', '2025-03-16T08:00', '2025-03-16T09:00', '2025-03-16T10:00', '2025-03-16T11:00', '2025-03-16T12:00', '2025-03-16T13:00', '2025-03-16T14:00', '2025-03-16T15:00', '2025-03-16T16:00', '2025-03-16T17:00', '2025-03-16T18:00', '2025-03-16T19:00', '2025-03-16T20:00', '2025-03-16T21:00', '2025-03-16T22:00', '2025-03-16T23:00'], Entsoe keys: ['2025-03-15T00:00', '2025-03-15T01:00', '2025-03-15T02:00', '2025-03-15T03:00', '2025-03-15T04:00', '2025-03-15T05:00', '2025-03-15T06:00', '2025-03-15T07:00', '2025-03-15T08:00', '2025-03-15T09:00', '2025-03-15T10:00', '2025-03-15T11:00', '2025-03-15T12:00', '2025-03-15T13:00', '2025-03-15T14:00', '2025-03-15T15:00', '2025-03-15T16:00', '2025-03-15T17:00', '2025-03-15T18:00', '2025-03-15T19:00', '2025-03-15T20:00', '2025-03-15T21:00', '2025-03-15T22:00', '2025-03-15T23:00', '2025-03-16T00:00', '2025-03-16T01:00', '2025-03-16T02:00', '2025-03-16T03:00', '2025-03-16T04:00', '2025-03-16T05:00', '2025-03-16T06:00', '2025-03-16T07:00', '2025-03-16T08:00', '2025-03-16T09:00', '2025-03-16T10:00', '2025-03-16T11:00', '2025-03-16T12:00', '2025-03-16T13:00', '2025-03-16T14:00', '2025-03-16T15:00', '2025-03-16T16:00', '2025-03-16T17:00', '2025-03-16T18:00', '2025-03-16T19:00', '2025-03-16T20:00', '2025-03-16T21:00', '2025-03-16T22:00', '2025-03-16T23:00']
2025-03-15 19:21:05,636 - Avg keys: ['2025-03-15T00:00', '2025-03-15T01:00', '2025-03-15T02:00', '2025-03-15T03:00', '2025-03-15T04:00', '2025-03-15T05:00', '2025-03-15T06:00', '2025-03-15T07:00', '2025-03-15T08:00', '2025-03-15T09:00', '2025-03-15T10:00', '2025-03-15T11:00', '2025-03-15T12:00', '2025-03-15T13:00', '2025-03-15T14:00', '2025-03-15T15:00', '2025-03-15T16:00', '2025-03-15T17:00', '2025-03-15T18:00', '2025-03-15T19:00', '2025-03-15T20:00', '2025-03-15T21:00', '2025-03-15T22:00', '2025-03-15T23:00', '2025-03-16T00:00', '2025-03-16T01:00', '2025-03-16T02:00', '2025-03-16T03:00', '2025-03-16T04:00', '2025-03-16T05:00', '2025-03-16T06:00', '2025-03-16T07:00', '2025-03-16T08:00', '2025-03-16T09:00', '2025-03-16T10:00', '2025-03-16T11:00', '2025-03-16T12:00', '2025-03-16T13:00', '2025-03-16T14:00', '2025-03-16T15:00', '2025-03-16T16:00', '2025-03-16T17:00', '2025-03-16T18:00', '2025-03-16T19:00', '2025-03-16T20:00', '2025-03-16T21:00', '2025-03-16T22:00', '2025-03-16T23:00'], Min: 0.063, Max: 0.2285, 13:00: 0.127, 17:00: 0.20199999999999999, 18:00: 0.2145
2025-03-15 19:21:05,636 - Percent keys: ['2025-03-15T00:00', '2025-03-15T01:00', '2025-03-15T02:00', '2025-03-15T03:00', '2025-03-15T04:00', '2025-03-15T05:00', '2025-03-15T06:00', '2025-03-15T07:00', '2025-03-15T08:00', '2025-03-15T09:00', '2025-03-15T10:00', '2025-03-15T11:00', '2025-03-15T12:00', '2025-03-15T13:00', '2025-03-15T14:00', '2025-03-15T15:00', '2025-03-15T16:00', '2025-03-15T17:00', '2025-03-15T18:00', '2025-03-15T19:00', '2025-03-15T20:00', '2025-03-15T21:00', '2025-03-15T22:00', '2025-03-15T23:00', '2025-03-16T00:00', '2025-03-16T01:00', '2025-03-16T02:00', '2025-03-16T03:00', '2025-03-16T04:00', '2025-03-16T05:00', '2025-03-16T06:00', '2025-03-16T07:00', '2025-03-16T08:00', '2025-03-16T09:00', '2025-03-16T10:00', '2025-03-16T11:00', '2025-03-16T12:00', '2025-03-16T13:00', '2025-03-16T14:00', '2025-03-16T15:00', '2025-03-16T16:00', '2025-03-16T17:00', '2025-03-16T18:00', '2025-03-16T19:00', '2025-03-16T20:00', '2025-03-16T21:00', '2025-03-16T22:00', '2025-03-16T23:00']
2025-03-15 19:21:05,637 - Fused 48 hours
2025-03-15 19:21:05,638 - Watching
2025-03-16 08:21:12,260 - Entropy claims us
2025-03-16 08:21:12,272 - Entropy claims us
2025-03-16 08:21:12,273 - Entropy claims us
2025-03-16 11:45:21,908 - Price fuser initialized
2025-03-16 11:45:21,909 - Only 11 hours—using all available
2025-03-16 11:45:21,910 - Fused 11 hours: 2025-03-15T13:00 to 2025-03-16T23:00
2025-03-16 11:45:21,910 - Waiting 1.5h til 2025-03-16 13:15:00.910238+01:00
2025-03-16 11:58:39,899 - Price fuser initialized
2025-03-16 11:58:39,906 - Only 11 hours—using all available
2025-03-16 11:58:39,907 - Fused 11 hours: 2025-03-15T13:00 to 2025-03-16T23:00
2025-03-16 11:58:39,907 - Waiting 1.3h til 2025-03-16 13:15:00.907323+01:00
2025-03-16 12:17:14,770 - Price fuser initialized
2025-03-16 12:17:14,780 - Fused 35 hours: 2025-03-15T13:00 to 2025-03-16T23:00
2025-03-16 12:17:14,781 - Waiting 1.0h til 2025-03-16 13:15:00.781030+01:00
2025-03-16 12:21:22,332 - Price fuser initialized
2025-03-16 12:21:22,332 - Only 24 hours—using all available
2025-03-16 12:21:22,333 - Fused 24 hours: 2025-03-15T13:00 to 2025-03-16T23:00
2025-03-16 12:21:22,333 - Waiting 0.9h til 2025-03-16 13:15:00.333545+01:00
2025-03-16 12:24:32,691 - Price fuser initialized
2025-03-16 12:24:32,696 - Only 24 hours—using all available
2025-03-16 12:24:32,700 - Fused 24 hours: 2025-03-15T13:00 to 2025-03-16T23:00
2025-03-16 12:24:32,700 - Waiting 0.8h til 2025-03-16 13:15:00.700630+01:00
2025-03-16 12:32:37,732 - Price fuser initialized
2025-03-16 12:32:37,733 - Only 24 hours—using all available
2025-03-16 12:32:37,734 - Fused 24 hours: 2025-03-15T13:00 to 2025-03-16T23:00
2025-03-16 12:32:37,734 - Waiting 0.7h til 2025-03-16 13:15:00.734225+01:00
2025-03-16 12:33:24,825 - Price fuser initialized
2025-03-16 12:33:24,825 - Only 24 hours—using all available
2025-03-16 12:33:24,826 - Fused 24 hours: 2025-03-15T13:00 to 2025-03-16T23:00
2025-03-16 12:33:24,826 - Waiting 0.7h til 2025-03-16 13:15:00.826483+01:00
2025-03-16 12:41:23,256 - Price fuser initialized
2025-03-16 12:41:23,257 - Only 24 hours—using all available
2025-03-16 12:41:23,257 - Fused 24 hours: 2025-03-15T13:00 to 2025-03-16T23:00
2025-03-16 12:41:23,258 - Waiting 0.6h til 2025-03-16 13:15:00.258207+01:00
2025-03-16 12:49:46,434 - Price fuser initialized
2025-03-16 12:49:46,444 - Only 24 hours—using all available
2025-03-16 12:49:46,444 - Fused 24 hours: 2025-03-15T13:00 to 2025-03-16T23:00
2025-03-16 12:49:46,445 - Waiting 0.4h til 2025-03-16 13:15:00.445218+01:00
2025-03-16 12:52:47,633 - Price fuser initialized
2025-03-16 12:52:47,634 - Only 24 hours—using all available
2025-03-16 12:52:47,635 - Fused 24 hours: 2025-03-15T13:00 to 2025-03-16T23:00
2025-03-16 12:52:47,635 - Waiting 0.4h til 2025-03-16 13:15:00.635641+01:00
2025-03-16 12:54:59,581 - Price fuser initialized
2025-03-16 12:54:59,587 - Only 24 hours—using all available
2025-03-16 12:54:59,588 - Fused 24 hours: 2025-03-15T13:00 to 2025-03-16T23:00
2025-03-16 12:54:59,588 - Waiting 0.3h til 2025-03-16 13:15:00.588800+01:00
2025-03-16 12:57:22,630 - Price fuser initialized
2025-03-16 12:57:22,653 - Only 24 hours—using all available
2025-03-16 12:57:22,654 - Fused 24 hours: 2025-03-15T13:00 to 2025-03-16T23:00
2025-03-16 12:57:22,654 - Waiting 0.3h til 2025-03-16 13:15:00.654232+01:00
2025-03-16 13:15:00,313 - Fused 35 hours: 2025-03-16T13:00 to 2025-03-17T23:00
2025-03-16 13:15:00,442 - Fused 35 hours: 2025-03-16T13:00 to 2025-03-17T23:00
2025-03-16 13:15:00,543 - Fused 35 hours: 2025-03-16T13:00 to 2025-03-17T23:00
2025-03-16 13:15:00,685 - Fused 35 hours: 2025-03-16T13:00 to 2025-03-17T23:00
2025-03-16 13:15:00,729 - Fused 35 hours: 2025-03-16T13:00 to 2025-03-17T23:00
2025-03-16 13:15:00,730 - Fused 35 hours: 2025-03-16T13:00 to 2025-03-17T23:00
2025-03-16 13:15:00,820 - Fused 35 hours: 2025-03-16T13:00 to 2025-03-17T23:00
2025-03-16 13:15:00,837 - Fused 35 hours: 2025-03-16T13:00 to 2025-03-17T23:00
2025-03-16 13:15:00,914 - Fused 35 hours: 2025-03-16T13:00 to 2025-03-17T23:00
2025-03-16 13:15:00,927 - Fused 35 hours: 2025-03-16T13:00 to 2025-03-17T23:00
2025-03-16 13:15:01,021 - Fused 35 hours: 2025-03-16T13:00 to 2025-03-17T23:00
2025-03-16 13:15:01,066 - Fused 35 hours: 2025-03-16T13:00 to 2025-03-17T23:00
