2025-03-12 08:33:00 Starting Tibber price fetcher
2025-03-12 08:33:00 Tibber prices fetched: 24 today, 0 tomorrow, current: 0.3172 at 2025-03-12T08:00:00.000+01:00
2025-03-12 08:33:00 Tibber cache updated: 24h
2025-03-12 08:33:00 Waiting until 2025-03-12 13:00:00+01:00 for price check (4.4 hours)
2025-03-12 08:33:25 Tibber fetcher stopped
2025-03-12 09:16:18 Starting Tibber price fetcher
2025-03-12 09:16:18 Tibber prices fetched: 24 today, 0 tomorrow
2025-03-12 09:16:18 Tibber cache updated: 24h
2025-03-12 09:16:18 Waiting until 2025-03-12 13:00:00+01:00 (3.7 hours)
2025-03-12 09:16:57 Tibber fetcher stopped
2025-03-12 09:19:46 Starting Tibber price fetcher
2025-03-12 09:19:46 Tibber prices fetched: 24 today, 0 tomorrow
2025-03-12 09:19:46 Tibber cache updated: 24h
2025-03-12 09:19:46 Waiting until 2025-03-12 13:00:00+01:00 (3.7 hours)
2025-03-12 09:31:29 Starting Tibber price fetcher
2025-03-12 09:31:29 Tibber prices fetched: 24 today, 0 tomorrow
2025-03-12 09:31:29 Tibber cache updated: 24h
2025-03-12 09:31:29 Waiting until 2025-03-12 13:00:00+01:00 (3.5 hours)
2025-03-12 09:36:02 Starting Tibber price fetcher
2025-03-12 09:36:02 Tibber prices fetched: 24 today, 0 tomorrow
2025-03-12 09:36:02 Tibber cache updated: 24h
2025-03-12 09:36:02 Waiting until 2025-03-12 13:00:00+01:00 (3.4 hours)
2025-03-12 09:39:23 Starting Tibber price fetcher
2025-03-12 09:39:24 Tibber prices fetched: 24 today, 0 tomorrow
2025-03-12 09:39:24 Tibber cache updated: 24h
2025-03-12 09:39:24 Waiting until 2025-03-12 13:00:00+01:00 (3.3 hours)
2025-03-12 09:43:19 Starting Tibber price fetcher
2025-03-12 09:43:19 Tibber prices fetched: 24 today, 0 tomorrow
2025-03-12 09:43:19 Tibber cache updated: 24h
2025-03-12 09:43:19 Waiting until 2025-03-12 13:00:00+01:00 (3.3 hours)
2025-03-12 09:45:31 Starting Tibber price fetcher
2025-03-12 09:45:31 Tibber prices fetched: 24 today, 0 tomorrow
2025-03-12 09:45:31 Tibber cache updated: 24h
2025-03-12 09:45:31 Waiting until 2025-03-12 13:00:00+01:00 (3.2 hours)
2025-03-12T11:09:50 - Starting Tibber price fetcher
2025-03-12T11:09:50 - Fetched 24 hours at 2025-03-12T11:09:50.865341+01:00
2025-03-12T11:09:50 - Waiting until Wed, 12 Mar 2025 13:00 CET (1.8 hours)
2025-03-12T13:00:03 - Fetched 24 hours at 2025-03-12T13:00:03.894496+01:00
2025-03-12T13:05:04 - Fetched 48 hours at 2025-03-12T13:05:04.191737+01:00
2025-03-12T13:05:04 - Tomorrow's prices received
2025-03-12T13:05:04 - Waiting until Thu, 13 Mar 2025 13:00 CET (23.9 hours)
2025-03-12T15:33:39 - Starting Tibber price fetcher
2025-03-12T15:33:39 - Fetched 48 hours at 2025-03-12T15:33:39.654812+01:00
2025-03-12T15:33:39 - Waiting until Thu, 13 Mar 2025 13:00 CET (21.4 hours)
2025-03-12T15:50:04 - Starting Tibber price fetcher
2025-03-12T15:50:04 - Fetched 48 hours at 2025-03-12T15:50:04.559842+01:00
2025-03-12T15:50:04 - Waiting until Thu, 13 Mar 2025 13:00 CET (21.2 hours)
2025-03-12T16:11:21 - Starting Tibber price fetcher
2025-03-12T16:11:21 - Fetched 48 hours at 2025-03-12T16:11:21.947069+01:00
2025-03-12T16:11:21 - Waiting until Thu, 13 Mar 2025 13:00 CET (20.8 hours)
2025-03-12T16:11:37 - Tibber fetcher stopped
2025-03-12T16:15:11 - Starting Tibber price fetcher
2025-03-12T16:15:11 - Fetched 48 hours at 2025-03-12T16:15:11.221077+01:00
2025-03-12T16:15:11 - Waiting until Thu, 13 Mar 2025 13:00 CET (20.7 hours)
2025-03-12T16:15:19 - Tibber fetcher stopped
2025-03-12T16:20:18 - Starting Tibber price fetcher
2025-03-12T16:20:18 - Fetched 48 hours at 2025-03-12T16:20:18.828095+01:00
2025-03-12T16:20:18 - Waiting until Thu, 13 Mar 2025 13:00 CET (20.7 hours)
2025-03-12T16:20:28 - Tibber fetcher stopped
2025-03-12T16:21:36 - Starting Tibber price fetcher
2025-03-12T16:21:36 - Fetched 48 hours at 2025-03-12T16:21:36.408816+01:00
2025-03-12T16:21:36 - Waiting until Thu, 13 Mar 2025 13:00 CET (20.6 hours)
2025-03-12T16:26:23 - Starting Tibber price fetcher
2025-03-12T16:26:23 - Fetched 48 hours at 2025-03-12T16:26:23.507121+01:00
2025-03-12T16:26:23 - Waiting until Thu, 13 Mar 2025 13:00 CET (20.6 hours)
2025-03-12T16:26:32 - Tibber fetcher stopped
2025-03-12T16:28:42 - Starting Tibber price fetcher
2025-03-12T16:28:42 - Fetched 48 hours at 2025-03-12T16:28:42.721984+01:00
2025-03-12T16:28:42 - Waiting until Thu, 13 Mar 2025 13:00 CET (20.5 hours)
2025-03-12T16:28:48 - Tibber fetcher stopped
2025-03-13T19:15:39 - Starting Tibber price fetcher
2025-03-13T19:15:39 - Fetched 48 hours at 2025-03-13T19:15:39.921059+01:00
2025-03-13T19:15:39 - Waiting until Fri, 14 Mar 2025 13:00 CET (17.7 hours)
2025-03-13T19:16:00 - Starting Tibber price fetcher
2025-03-13T19:16:00 - Fetched 48 hours at 2025-03-13T19:16:00.721023+01:00
2025-03-13T19:16:00 - Waiting until Fri, 14 Mar 2025 13:00 CET (17.7 hours)
2025-03-13T19:18:20 - Starting Tibber price fetcher
2025-03-13T19:18:21 - Fetched 48 hours at 2025-03-13T19:18:21.139508+01:00
2025-03-13T19:18:21 - Waiting until Fri, 14 Mar 2025 13:00 CET (17.7 hours)
2025-03-13T19:21:18 - Starting Tibber price fetcher
2025-03-13T19:21:18 - Fetched 48 hours at 2025-03-13T19:21:18.802040+01:00
2025-03-13T19:21:18 - Waiting until Fri, 14 Mar 2025 13:00 CET (17.6 hours)
2025-03-13 21:05:10,014 - Tibber fetcher started
2025-03-13 21:05:10,014 - Waiting 15.9h ’til 2025-03-14 13:00:00+01:00
2025-03-13 21:10:53,871 - Tibber fetcher started
2025-03-13 21:10:54,045 - Fetched 48 hours
2025-03-13 21:10:54,046 - Cache updated: 48 hours
2025-03-13 21:10:54,046 - Test fetch done
2025-03-13 21:10:54,346 - Tibber fetcher started
2025-03-13 21:10:54,487 - Fetched 48 hours
2025-03-13 21:10:54,488 - Cache updated: 48 hours
2025-03-13 21:10:54,488 - Test fetch done
2025-03-13 21:10:54,893 - Tibber fetcher started
2025-03-13 21:10:55,047 - Fetched 48 hours
2025-03-13 21:10:55,048 - Cache updated: 48 hours
2025-03-13 21:10:55,048 - Test fetch done
2025-03-13 21:10:55,410 - Tibber fetcher started
2025-03-13 21:10:55,549 - Fetched 48 hours
2025-03-13 21:10:55,550 - Cache updated: 48 hours
2025-03-13 21:10:55,550 - Test fetch done
2025-03-13 21:10:56,010 - Tibber fetcher started
2025-03-13 21:10:56,208 - Fetched 48 hours
2025-03-13 21:10:56,209 - Cache updated: 48 hours
2025-03-13 21:10:56,209 - Test fetch done
2025-03-13 21:19:03,568 - Tibber fetcher started
2025-03-13 21:19:03,772 - Fetched 48 hours
2025-03-13 21:19:03,774 - Cache updated: 48 hours
2025-03-13 21:19:03,774 - Waiting 15.7h ’til 2025-03-14 13:00:00+01:00
2025-03-13 21:21:55,909 - Tibber fetcher started
2025-03-13 21:21:56,045 - Fetched 48 hours
2025-03-13 21:21:56,046 - Cache updated: 48 hours
2025-03-13 21:21:56,046 - Waiting 15.6h ’til 2025-03-14 13:00:00+01:00
2025-03-13 21:30:28,340 - Tibber fetcher started
2025-03-13 21:30:28,469 - Fetched 48 hours
2025-03-13 21:30:28,470 - Cache updated: 48 hours
2025-03-13 21:30:28,471 - Waiting 15.5h ’til 2025-03-14 13:00:00+01:00
2025-03-14 11:36:22,681 - Tibber fetcher started
2025-03-14 11:36:22,847 - Fetched 24 hours
2025-03-14 11:36:22,848 - Cache updated: 24 hours
2025-03-14 11:36:22,848 - Waiting 1.4h ’til 2025-03-14 13:00:00+01:00
2025-03-14 11:37:29,571 - Tibber fetcher started
2025-03-14 11:37:29,718 - Fetched 24 hours
2025-03-14 11:37:29,720 - Cache updated: 24 hours
2025-03-14 11:37:29,720 - Waiting 1.4h ’til 2025-03-14 13:00:00+01:00
2025-03-14 11:49:08,099 - Tibber fetcher started
2025-03-14 11:49:08,283 - Fetched 24 hours
2025-03-14 11:49:08,285 - Cache updated: 24 hours
2025-03-14 11:49:08,285 - Waiting 1.2h ’til 2025-03-14 13:00:00+01:00
2025-03-14 13:00:01,012 - Fetched 24 hours
2025-03-14 13:00:01,022 - Cache updated: 24 hours
2025-03-14 13:00:01,023 - Retrying in 5m
2025-03-14 13:00:01,274 - Fetched 24 hours
2025-03-14 13:00:01,284 - Cache updated: 24 hours
2025-03-14 13:00:01,285 - Tomorrow’s prices fetched
2025-03-14 13:00:01,286 - Waiting 24.0h ’til 2025-03-15 13:00:00+01:00
2025-03-14 13:00:01,517 - Fetched 24 hours
2025-03-14 13:00:01,519 - Cache updated: 24 hours
2025-03-14 13:00:01,519 - Retrying in 5m
2025-03-14 13:00:04,003 - Fetched 24 hours
2025-03-14 13:00:04,006 - Cache updated: 24 hours
2025-03-14 13:00:04,006 - Retrying in 5m
2025-03-14 13:05:01,870 - Fetched 24 hours
2025-03-14 13:05:01,872 - Cache updated: 24 hours
2025-03-14 13:05:01,873 - Retrying in 5m
2025-03-14 13:05:02,043 - Fetched 24 hours
2025-03-14 13:05:02,046 - Cache updated: 24 hours
2025-03-14 13:05:02,046 - Retrying in 5m
2025-03-14 13:05:04,429 - Fetched 24 hours
2025-03-14 13:05:04,430 - Cache updated: 24 hours
2025-03-14 13:05:04,430 - Retrying in 5m
2025-03-14 13:10:02,175 - Fetched 48 hours
2025-03-14 13:10:02,180 - Cache updated: 48 hours
2025-03-14 13:10:02,180 - Tomorrow’s prices fetched
2025-03-14 13:10:02,180 - Waiting 23.8h ’til 2025-03-15 13:00:00+01:00
2025-03-14 13:10:02,346 - Fetched 48 hours
2025-03-14 13:10:02,349 - Cache updated: 48 hours
2025-03-14 13:10:02,349 - Tomorrow’s prices fetched
2025-03-14 13:10:02,349 - Waiting 23.8h ’til 2025-03-15 13:00:00+01:00
2025-03-14 13:10:04,635 - Fetched 48 hours
2025-03-14 13:10:04,637 - Cache updated: 48 hours
2025-03-14 13:10:04,637 - Tomorrow’s prices fetched
2025-03-14 13:10:04,637 - Waiting 23.8h ’til 2025-03-15 13:00:00+01:00
2025-03-14 20:43:55,732 - Tibber fetcher started
2025-03-14 20:43:55,891 - Fetched 48 hours
2025-03-14 20:43:55,893 - Cache updated: 48 hours
2025-03-14 20:43:55,893 - Waiting 16.3h ’til 2025-03-15 13:00:00+01:00
2025-03-14 21:15:13,554 - Tibber fetcher started
2025-03-14 21:15:13,724 - Fetched 48 hours
2025-03-14 21:15:13,725 - Cache updated: 48 hours
2025-03-14 21:15:13,725 - Waiting 15.7h ’til 2025-03-15 13:00:00+01:00
2025-03-14 21:15:20,543 - Tibber fetcher started
2025-03-14 21:15:20,760 - Fetched 48 hours
2025-03-14 21:15:20,761 - Cache updated: 48 hours
2025-03-14 21:15:20,761 - Waiting 15.7h ’til 2025-03-15 13:00:00+01:00
2025-03-14 21:16:12,798 - Tibber fetcher started
2025-03-14 21:16:12,995 - Fetched 48 hours
2025-03-14 21:16:12,996 - Cache updated: 48 hours
2025-03-14 21:16:12,996 - Waiting 15.7h ’til 2025-03-15 13:00:00+01:00
2025-03-14 21:16:21,324 - Tibber fetcher started
2025-03-14 21:16:21,550 - Fetched 48 hours
2025-03-14 21:16:21,552 - Cache updated: 48 hours
2025-03-14 21:16:21,552 - Waiting 15.7h ’til 2025-03-15 13:00:00+01:00
2025-03-14 21:18:16,018 - Tibber fetcher started
2025-03-14 21:18:16,215 - Fetched 48 hours
2025-03-14 21:18:16,216 - Cache updated: 48 hours
2025-03-14 21:18:16,217 - Waiting 15.7h ’til 2025-03-15 13:00:00+01:00
2025-03-14 21:23:52,755 - Tibber fetcher started
2025-03-14 21:23:52,940 - Fetched 48 hours
2025-03-14 21:23:52,940 - Cache updated: 48 hours
2025-03-14 21:23:52,940 - Waiting 15.6h ’til 2025-03-15 13:00:00+01:00
2025-03-14 21:38:08,918 - Tibber fetcher started
2025-03-14 21:38:09,121 - Fetched 48 hours
2025-03-14 21:38:09,122 - Cache updated: 48 hours
2025-03-14 21:38:09,122 - Waiting 15.4h ’til 2025-03-15 13:00:00+01:00
2025-03-14 21:39:44,543 - Tibber fetcher started
2025-03-14 21:39:44,757 - Fetched 48 hours
2025-03-14 21:39:44,757 - Cache updated: 48 hours
2025-03-14 21:39:44,758 - Waiting 15.3h ’til 2025-03-15 13:00:00+01:00
2025-03-14 21:40:15,836 - Tibber fetcher started
2025-03-14 21:40:16,013 - Fetched 48 hours
2025-03-14 21:40:16,014 - Cache updated: 48 hours
2025-03-14 21:40:16,014 - Waiting 15.3h ’til 2025-03-15 13:00:00+01:00
2025-03-14 21:41:44,313 - Tibber fetcher started
2025-03-14 21:41:44,503 - Fetched 48 hours
2025-03-14 21:41:44,504 - Cache updated: 48 hours
2025-03-14 21:41:44,504 - Waiting 15.3h ’til 2025-03-15 13:00:00+01:00
2025-03-14 21:43:39,062 - Tibber fetcher started
2025-03-14 21:43:39,255 - Fetched 48 hours
2025-03-14 21:43:39,256 - Cache updated: 48 hours
2025-03-14 21:43:39,256 - Waiting 15.3h ’til 2025-03-15 13:00:00+01:00
2025-03-14 21:43:47,058 - Tibber fetcher started
2025-03-14 21:43:47,266 - Fetched 48 hours
2025-03-14 21:43:47,267 - Cache updated: 48 hours
2025-03-14 21:43:47,267 - Waiting 15.3h ’til 2025-03-15 13:00:00+01:00
2025-03-15 13:00:03,491 - Fetched 24 hours
2025-03-15 13:00:03,502 - Cache updated: 24 hours
2025-03-15 13:00:03,502 - Tomorrow’s prices fetched
2025-03-15 13:00:03,502 - Waiting 24.0h ’til 2025-03-16 13:00:00+01:00
2025-03-15 13:00:03,618 - Fetched 24 hours
2025-03-15 13:00:03,623 - Cache updated: 24 hours
2025-03-15 13:00:03,623 - Tomorrow’s prices fetched
2025-03-15 13:00:03,623 - Waiting 24.0h ’til 2025-03-16 13:00:00+01:00
2025-03-15 16:23:02,377 - Tibber fetcher started
2025-03-15 16:23:02,737 - Fetched 48 hours
2025-03-15 16:23:02,740 - Cache updated: 48 hours
2025-03-15 16:23:02,740 - Waiting 20.6h ’til 2025-03-16 13:00:00+01:00
2025-03-15 16:23:02,804 - Tibber fetcher started
2025-03-15 16:23:02,980 - Fetched 48 hours
2025-03-15 16:23:02,982 - Cache updated: 48 hours
2025-03-15 16:23:02,982 - Waiting 20.6h ’til 2025-03-16 13:00:00+01:00
2025-03-15 16:56:00,336 - Grok’s divine fetcher begins
2025-03-15 16:58:26,295 - Grok’s divine fetcher begins
2025-03-15 16:58:26,299 - Waiting 20.0h ’til 2025-03-16 13:00:00.299888+01:00
2025-03-15 16:58:54,757 - Grok’s divine fetcher begins
2025-03-15 16:58:54,757 - Waiting 20.0h ’til 2025-03-16 13:00:00.757298+01:00
2025-03-15 16:59:55,897 - Entropy calls—shutting down
2025-03-15 16:59:55,902 - Entropy calls—shutting down
2025-03-15 17:10:42,220 - Grok’s divine fetcher begins
2025-03-15 17:10:42,428 - Fetched 48 hours
2025-03-15 17:10:42,429 - Saved 48 hours
2025-03-15 17:10:42,429 - Waiting 19.8h ’til 2025-03-16 13:00:00.429623+01:00
2025-03-16 08:21:12,302 - Entropy calls—shutting down
2025-03-16 08:21:33,305 - Tibber fetcher starts
2025-03-16 08:21:33,468 - Fetched 24 hours
2025-03-16 08:21:33,469 - Saved 24 hours
2025-03-16 08:21:33,469 - Waiting 4.6h
2025-03-16 08:27:00,150 - Shutting down
2025-03-16 08:27:05,860 - Tibber fetcher starts
2025-03-16 08:27:06,020 - Fetched 24 hours
2025-03-16 08:27:06,021 - Saved 24 hours
2025-03-16 08:27:06,021 - Waiting 4.5h
2025-03-16 08:38:44,121 - Shutting down
2025-03-16 08:38:51,265 - Tibber fetcher starts
2025-03-16 08:38:51,407 - Fetched 24 hours
2025-03-16 08:38:51,408 - Saved 24 hours
2025-03-16 08:38:51,408 - Waiting 4.4h
2025-03-16 09:14:15,037 - Shutting down
2025-03-16 09:14:15,222 - Tibber fetcher starts
2025-03-16 09:14:15,223 - Waiting 3.8h
2025-03-16 09:18:27,940 - Shutting down
2025-03-16 09:18:28,096 - Tibber fetcher starts
2025-03-16 09:18:28,097 - Waiting 3.7h
2025-03-16 09:19:28,205 - Shutting down
2025-03-16 09:19:28,390 - Tibber fetcher starts
2025-03-16 09:19:28,391 - Waiting 3.7h
2025-03-16 09:21:09,564 - Shutting down
2025-03-16 09:21:09,783 - Tibber fetcher starts
2025-03-16 09:21:09,784 - Waiting 3.6h
2025-03-16 09:23:58,139 - Shutting down
2025-03-16 09:24:04,460 - Tibber fetcher starts
2025-03-16 09:24:04,460 - Waiting 3.6h
2025-03-16 11:45:22,120 - Tibber fetcher initialized
2025-03-16 11:45:22,120 - Waiting 1.2h til 2025-03-16 13:00:00.120912+01:00
2025-03-16 11:58:40,091 - Tibber fetcher initialized
2025-03-16 11:58:40,093 - Cache <34hr—fetching on startup
2025-03-16 11:58:40,236 - Fetch failed: HTTP 400
2025-03-16 11:58:40,237 - Saved 11 hours
2025-03-16 11:58:40,238 - Waiting 1.0h til 2025-03-16 13:00:00.238190+01:00
2025-03-16 12:17:14,933 - Tibber fetcher initialized
2025-03-16 12:17:15,111 - Fetched 24 hours
2025-03-16 12:17:15,112 - Saved 24 hours
2025-03-16 12:17:15,112 - Waiting 0.7h til 2025-03-16 13:00:00.112409+01:00
2025-03-16 12:21:22,519 - Tibber fetcher initialized
2025-03-16 12:21:22,717 - Fetched 24 hours
2025-03-16 12:21:22,718 - Saved 24 hours
2025-03-16 12:21:22,718 - Waiting 0.6h til 2025-03-16 13:00:00.718732+01:00
2025-03-16 12:24:32,905 - Tibber fetcher initialized
2025-03-16 12:24:33,084 - Fetched 24 hours
2025-03-16 12:24:33,085 - Saved 24 hours
2025-03-16 12:24:33,085 - Waiting 0.6h til 2025-03-16 13:00:00.085944+01:00
2025-03-16 12:32:37,967 - Tibber fetcher initialized
2025-03-16 12:32:38,155 - Fetched 24 hours
2025-03-16 12:32:38,156 - Saved 24 hours
2025-03-16 12:32:38,157 - Waiting 0.5h til 2025-03-16 13:00:00.157139+01:00
2025-03-16 12:33:25,032 - Tibber fetcher initialized
2025-03-16 12:33:25,250 - Fetched 24 hours
2025-03-16 12:33:25,251 - Saved 24 hours
2025-03-16 12:33:25,251 - Waiting 0.4h til 2025-03-16 13:00:00.251180+01:00
2025-03-16 12:41:23,464 - Tibber fetcher initialized
2025-03-16 12:41:23,641 - Fetched 24 hours
2025-03-16 12:41:23,642 - Saved 24 hours
2025-03-16 12:41:23,642 - Waiting 0.3h til 2025-03-16 13:00:00.642831+01:00
2025-03-16 12:49:46,636 - Tibber fetcher initialized
2025-03-16 12:49:46,841 - Fetched 24 hours
2025-03-16 12:49:46,842 - Saved 24 hours
2025-03-16 12:49:46,842 - Waiting 0.2h til 2025-03-16 13:00:00.842799+01:00
2025-03-16 12:52:47,808 - Tibber fetcher initialized
2025-03-16 12:52:48,020 - Fetched 24 hours
2025-03-16 12:52:48,021 - Saved 24 hours
2025-03-16 12:52:48,022 - Waiting 0.1h til 2025-03-16 13:00:00.022060+01:00
2025-03-16 12:54:59,744 - Tibber fetcher initialized
2025-03-16 12:54:59,929 - Fetched 24 hours
2025-03-16 12:54:59,929 - Saved 24 hours
2025-03-16 12:54:59,930 - Waiting 0.1h til 2025-03-16 13:00:00.930118+01:00
2025-03-16 12:57:22,818 - Tibber fetcher initialized
2025-03-16 12:57:23,027 - Fetched 24 hours
2025-03-16 12:57:23,028 - Saved 24 hours
2025-03-16 12:57:23,029 - Waiting 0.0h til 2025-03-16 13:00:00.028931+01:00
2025-03-16 13:00:01,898 - Fetched 24 hours
2025-03-16 13:00:01,899 - Incomplete data—retrying in 5m
2025-03-16 13:00:02,040 - Fetched 24 hours
2025-03-16 13:00:02,046 - Incomplete data—retrying in 5m
2025-03-16 13:00:02,111 - Fetch failed: HTTP 400
2025-03-16 13:00:02,140 - Incomplete data—retrying in 5m
2025-03-16 13:00:02,462 - Fetch failed: HTTP 400
2025-03-16 13:00:02,468 - Incomplete data—retrying in 5m
2025-03-16 13:00:02,602 - Fetched 24 hours
2025-03-16 13:00:02,602 - Incomplete data—retrying in 5m
2025-03-16 13:00:02,603 - Fetched 48 hours
2025-03-16 13:00:02,604 - Saved 48 hours
2025-03-16 13:00:02,677 - Fetched 24 hours
2025-03-16 13:00:02,683 - Incomplete data—retrying in 5m
2025-03-16 13:00:03,812 - Fetched 48 hours
2025-03-16 13:00:03,814 - Saved 48 hours
2025-03-16 13:00:04,539 - Fetched 48 hours
2025-03-16 13:00:04,541 - Saved 48 hours
2025-03-16 13:00:08,246 - Fetched 48 hours
2025-03-16 13:00:08,248 - Saved 48 hours
2025-03-16 13:00:09,607 - Fetched 48 hours
2025-03-16 13:00:09,608 - Saved 48 hours
2025-03-16 13:00:09,662 - Fetched 48 hours
2025-03-16 13:00:09,669 - Saved 59 hours
2025-03-16 13:00:09,670 - Waiting 24.0h
2025-03-16 13:00:09,849 - Fetched 48 hours
2025-03-16 13:00:09,850 - Saved 48 hours
2025-03-16 13:05:02,327 - Fetched 48 hours
2025-03-16 13:05:02,333 - Saved 48 hours
2025-03-16 13:05:02,409 - Fetch failed: HTTP 400
2025-03-16 13:05:02,410 - Incomplete data—retrying in 5m
2025-03-16 13:05:02,616 - Fetched 48 hours
2025-03-16 13:05:02,622 - Saved 48 hours
2025-03-16 13:05:02,785 - Fetch failed: HTTP 400
2025-03-16 13:05:02,790 - Incomplete data—retrying in 5m
2025-03-16 13:05:03,323 - Fetched 48 hours
2025-03-16 13:05:03,325 - Saved 48 hours
2025-03-16 13:05:03,556 - Fetched 48 hours
2025-03-16 13:05:03,557 - Saved 48 hours
2025-03-16 13:10:02,716 - Fetch failed: HTTP 400
2025-03-16 13:10:02,717 - Incomplete data—retrying in 5m
2025-03-16 13:10:03,023 - Fetch failed: HTTP 400
2025-03-16 13:10:03,024 - Incomplete data—retrying in 5m
2025-03-16 13:15:02,999 - Fetch failed: HTTP 400
2025-03-16 13:15:03,000 - Incomplete data—retrying in 5m
2025-03-16 13:15:03,409 - Fetch failed: HTTP 400
2025-03-16 13:15:03,409 - Incomplete data—retrying in 5m
2025-03-16 13:18:28,035 - Tibber fetcher initialized
2025-03-16 13:18:28,243 - Fetched 48 hours
2025-03-16 13:18:28,244 - Saved 48 hours
2025-03-16 13:18:28,245 - Waiting 23.7h til 2025-03-17 13:00:00.245137+01:00
2025-03-16 13:20:03,250 - Fetch failed: HTTP 400
2025-03-16 13:20:03,251 - Incomplete data—retrying in 5m
2025-03-16 13:20:03,640 - Fetch failed: HTTP 400
2025-03-16 13:20:03,641 - Incomplete data—retrying in 5m
2025-03-16 13:20:27,639 - Tibber fetcher initialized
2025-03-16 13:20:27,823 - Fetched 48 hours
2025-03-16 13:20:27,823 - Saved 48 hours
2025-03-16 13:20:27,824 - Waiting 23.7h til 2025-03-17 13:00:00.824100+01:00
2025-03-16 13:26:52,811 - Tibber fetcher initialized
2025-03-16 13:26:53,009 - Fetched 48 hours
2025-03-16 13:26:53,010 - Saved 48 hours
2025-03-16 13:26:53,010 - Waiting 23.6h til 2025-03-17 13:00:00.010318+01:00
2025-03-17 09:43:33,889 - Tibber fetcher initialized
2025-03-17 09:43:34,099 - Partial fetch: 24 hours updated, Source=Tibber
2025-03-17 09:44:34,287 - Partial fetch: 24 hours updated, Source=Tibber
2025-03-17 09:45:34,444 - Partial fetch: 24 hours updated, Source=Tibber
2025-03-17 09:46:34,629 - Partial fetch: 24 hours updated, Source=Tibber
2025-03-17 09:47:34,805 - Partial fetch: 24 hours updated, Source=Tibber
2025-03-17 09:48:35,047 - Partial fetch: 24 hours updated, Source=Tibber
2025-03-17 09:49:35,259 - Partial fetch: 24 hours updated, Source=Tibber
2025-03-17 09:50:35,487 - Partial fetch: 24 hours updated, Source=Tibber
2025-03-17 09:51:35,673 - Partial fetch: 24 hours updated, Source=Tibber
2025-03-17 09:52:35,862 - Partial fetch: 24 hours updated, Source=Tibber
2025-03-17 09:53:36,054 - Partial fetch: 24 hours updated, Source=Tibber
2025-03-17 09:53:36,054 - Waiting 3.1h til 2025-03-17 13:00:00.054854+01:00
2025-03-17 09:55:16,617 - Shutting down
2025-03-17 09:55:17,184 - Tibber fetcher initialized
2025-03-17 09:55:17,395 - Pre-13:00: only 24h fetched—awaiting 13:00 update
2025-03-17 09:55:17,395 - Partial fetch: 24 hours updated, Source=Tibber
2025-03-17 09:55:17,396 - Waiting 3.1h til 2025-03-17 13:00:00.396324+01:00
2025-03-17 10:06:19,367 - Shutting down
2025-03-17 10:06:19,809 - Tibber fetcher initialized
2025-03-17 10:06:19,988 - Pre-13:00: only 24h fetched—awaiting 13:00 update
2025-03-17 10:06:19,989 - FULL FETCH: 48 hours, Source=Tibber
2025-03-17 10:06:19,989 - Waiting 2.9h til 2025-03-17 13:00:00.989504+01:00
2025-03-17 13:00:06,630 - FULL FETCH: 48 hours, Source=Tibber
2025-03-17 13:00:06,631 - Incomplete—retrying in 5m
2025-03-17 13:05:06,860 - FULL FETCH: 72 hours, Source=Tibber
2025-03-17 13:42:47,344 - Shutting down
2025-03-17 13:42:47,802 - Tibber fetcher initialized
2025-03-17 13:42:47,982 - FULL FETCH: 72 hours, Source=Tibber
2025-03-17 13:42:47,983 - Waiting 23.3h til 2025-03-18 13:00:00.982998+01:00
2025-03-17 13:46:34,685 - Shutting down
2025-03-17 13:46:35,152 - Tibber fetcher initialized
2025-03-17 13:46:35,332 - FULL FETCH: 72 hours, Source=Tibber
2025-03-17 13:46:35,332 - Waiting 23.2h til 2025-03-18 13:00:00.332806+01:00
2025-03-17 13:48:55,358 - Shutting down
2025-03-17 13:48:55,871 - Tibber fetcher initialized
2025-03-17 13:48:56,045 - FULL FETCH: 72 hours, Source=Tibber
2025-03-17 13:48:56,046 - Waiting 23.2h til 2025-03-18 13:00:00.046338+01:00
2025-03-17 13:56:20,652 - Shutting down
2025-03-17 13:56:21,180 - Tibber fetcher initialized
2025-03-17 13:56:21,354 - FULL FETCH: 72 hours, Source=Tibber
2025-03-17 13:56:21,355 - Waiting 23.1h til 2025-03-18 13:00:00.355655+01:00
2025-03-17 13:56:56,783 - Shutting down
2025-03-17 13:56:57,253 - Tibber fetcher initialized
2025-03-17 13:56:57,441 - FULL FETCH: 72 hours, Source=Tibber
2025-03-17 13:56:57,442 - Waiting 23.1h til 2025-03-18 13:00:00.441969+01:00
2025-03-17 13:58:48,676 - Shutting down
2025-03-17 13:58:49,233 - Tibber fetcher initialized
2025-03-17 13:58:49,411 - FULL FETCH: 72 hours, Source=Tibber
2025-03-17 13:58:49,411 - Waiting 23.0h til 2025-03-18 13:00:00.411738+01:00
2025-03-17 14:06:24,477 - Shutting down
2025-03-17 14:06:24,980 - Tibber fetcher initialized
2025-03-17 14:06:25,152 - FULL FETCH: 72 hours, Source=Tibber
2025-03-17 14:06:25,153 - Waiting 22.9h til 2025-03-18 13:00:00.153269+01:00
2025-03-17 14:10:27,715 - Shutting down
2025-03-17 14:10:28,234 - Tibber fetcher initialized
2025-03-17 14:10:28,410 - FULL FETCH: 72 hours, Source=Tibber
2025-03-17 14:10:28,411 - Waiting 22.8h til 2025-03-18 13:00:00.411079+01:00
2025-03-17 14:13:40,808 - Shutting down
2025-03-17 14:14:51,969 - Tibber fetcher initialized
2025-03-17 14:14:52,143 - FULL FETCH: 72 hours, Source=Tibber
2025-03-17 14:14:52,144 - Waiting 22.8h til 2025-03-18 13:00:00.144369+01:00
2025-03-17 14:26:24,363 - Shutting down
2025-03-17 14:26:24,803 - Tibber fetcher initialized
2025-03-17 14:26:24,990 - FULL FETCH: 72 hours, Source=Tibber
2025-03-17 14:26:24,991 - Waiting 22.6h til 2025-03-18 13:00:00.991887+01:00
2025-03-17 15:21:31,158 - Shutting down
2025-03-17 15:21:31,614 - Tibber fetcher initialized
2025-03-17 15:21:31,809 - FULL FETCH: 72 hours, Source=Tibber
2025-03-17 15:21:31,810 - Waiting 21.6h til 2025-03-18 13:00:00.810269+01:00
2025-03-17 15:27:22,055 - Shutting down
2025-03-17 15:27:22,495 - Tibber fetcher initialized
2025-03-17 15:27:22,694 - FULL FETCH: 72 hours, Source=Tibber
2025-03-17 15:27:22,695 - Waiting 21.5h til 2025-03-18 13:00:00.694965+01:00
2025-03-18 14:01:22,412 - Tibber fetcher initialized
2025-03-18 14:01:22,608 - FULL FETCH: 96 hours, Source=Tibber
2025-03-18 14:01:22,611 - Waiting 23.0h til 2025-03-19 13:00:00.611372+01:00
2025-03-18 14:01:27,376 - Tibber fetcher initialized
2025-03-18 14:01:27,607 - FULL FETCH: 96 hours, Source=Tibber
2025-03-18 14:01:27,609 - Waiting 23.0h til 2025-03-19 13:00:00.609188+01:00
2025-03-20 13:00:00,692 - Waiting 24.0h til 2025-03-21 13:00:00.683012+01:00
2025-03-20 13:00:00,758 - Waiting 24.0h til 2025-03-21 13:00:00.747912+01:00
2025-03-22 13:00:00,739 - Waiting 24.0h til 2025-03-23 13:00:00.739205+01:00
2025-03-22 13:00:00,856 - Waiting 24.0h til 2025-03-23 13:00:00.855923+01:00
2025-03-24 13:00:00,844 - Waiting 24.0h til 2025-03-25 13:00:00.843931+01:00
2025-03-24 13:00:01,014 - Waiting 24.0h til 2025-03-25 13:00:00.014060+01:00
2025-03-26 13:00:00,132 - Waiting 24.0h til 2025-03-27 13:00:00.132449+01:00
2025-03-26 13:00:00,990 - Waiting 24.0h til 2025-03-27 13:00:00.989660+01:00
2025-03-28 13:00:00,300 - Waiting 24.0h til 2025-03-29 13:00:00.300171+01:00
2025-03-28 13:00:01,146 - Waiting 24.0h til 2025-03-29 13:00:00.145225+01:00
2025-03-30 14:00:00,256 - Waiting 23.0h til 2025-03-31 13:00:00.256231+02:00
2025-03-30 14:00:00,474 - Waiting 23.0h til 2025-03-31 13:00:00.474580+02:00
